#! /opt/iverilog/bin/vvp
:ivl_version "11.0 (stable)" "(v11_0-132-gb2f2414f4)";
:ivl_delay_selection "TYPICAL";
:vpi_time_precision + 0;
:vpi_module "/opt/iverilog/lib/ivl/system.vpi";
:vpi_module "/opt/iverilog/lib/ivl/vhdl_sys.vpi";
:vpi_module "/opt/iverilog/lib/ivl/vhdl_textio.vpi";
:vpi_module "/opt/iverilog/lib/ivl/v2005_math.vpi";
:vpi_module "/opt/iverilog/lib/ivl/va_math.vpi";
S_0x55b321a26360 .scope module, "ul4" "ul4" 2 1;
 .timescale 0 0;
    .port_info 0 /OUTPUT 4 "Out";
    .port_info 1 /INPUT 4 "A";
    .port_info 2 /INPUT 4 "B";
    .port_info 3 /INPUT 2 "S";
o0x7fadb5074d08 .functor BUFZ 4, C4<zzzz>; HiZ drive
v0x55b321a485c0_0 .net "A", 3 0, o0x7fadb5074d08;  0 drivers
o0x7fadb5074d38 .functor BUFZ 4, C4<zzzz>; HiZ drive
v0x55b321a486a0_0 .net "B", 3 0, o0x7fadb5074d38;  0 drivers
v0x55b321a48780_0 .net "Out", 3 0, L_0x55b321a4a0a0;  1 drivers
o0x7fadb5074018 .functor BUFZ 2, C4<zz>; HiZ drive
v0x55b321a48840_0 .net "S", 1 0, o0x7fadb5074018;  0 drivers
L_0x55b321a48ef0 .part o0x7fadb5074d08, 0, 1;
L_0x55b321a48f90 .part o0x7fadb5074d38, 0, 1;
L_0x55b321a494a0 .part o0x7fadb5074d08, 1, 1;
L_0x55b321a49540 .part o0x7fadb5074d38, 1, 1;
L_0x55b321a49ac0 .part o0x7fadb5074d08, 2, 1;
L_0x55b321a49b60 .part o0x7fadb5074d38, 2, 1;
L_0x55b321a4a0a0 .concat8 [ 1 1 1 1], v0x55b321a44990_0, v0x55b321a45a20_0, v0x55b321a46b60_0, v0x55b321a47d60_0;
L_0x55b321a4a230 .part o0x7fadb5074d08, 3, 1;
L_0x55b321a4a3b0 .part o0x7fadb5074d38, 3, 1;
S_0x55b321a264f0 .scope module, "celda0" "cl" 2 3, 3 1 0, S_0x55b321a26360;
 .timescale 0 0;
    .port_info 0 /OUTPUT 1 "out";
    .port_info 1 /INPUT 1 "a";
    .port_info 2 /INPUT 1 "b";
    .port_info 3 /INPUT 2 "S";
L_0x55b321a48ac0 .functor AND 1, L_0x55b321a48ef0, L_0x55b321a48f90, C4<1>, C4<1>;
L_0x55b321a48ba0 .functor OR 1, L_0x55b321a48ef0, L_0x55b321a48f90, C4<0>, C4<0>;
L_0x55b321a48d00 .functor XOR 1, L_0x55b321a48ef0, L_0x55b321a48f90, C4<0>, C4<0>;
L_0x55b321a48de0 .functor NOT 1, L_0x55b321a48ef0, C4<0>, C4<0>, C4<0>;
v0x55b321a44b10_0 .net "S", 1 0, o0x7fadb5074018;  alias, 0 drivers
v0x55b321a44bf0_0 .net "a", 0 0, L_0x55b321a48ef0;  1 drivers
v0x55b321a44c90_0 .net "b", 0 0, L_0x55b321a48f90;  1 drivers
v0x55b321a44d30_0 .net "cand", 0 0, L_0x55b321a48ac0;  1 drivers
v0x55b321a44dd0_0 .net "cnot", 0 0, L_0x55b321a48de0;  1 drivers
v0x55b321a44ec0_0 .net "cor", 0 0, L_0x55b321a48ba0;  1 drivers
v0x55b321a44f60_0 .net "cxor", 0 0, L_0x55b321a48d00;  1 drivers
v0x55b321a45000_0 .net "out", 0 0, v0x55b321a44990_0;  1 drivers
S_0x55b3219e8ce0 .scope module, "mux" "mux4_1" 3 10, 4 1 0, S_0x55b321a264f0;
 .timescale 0 0;
    .port_info 0 /OUTPUT 1 "out";
    .port_info 1 /INPUT 1 "a";
    .port_info 2 /INPUT 1 "b";
    .port_info 3 /INPUT 1 "c";
    .port_info 4 /INPUT 1 "d";
    .port_info 5 /INPUT 2 "S";
v0x55b321a175e0_0 .net "S", 1 0, o0x7fadb5074018;  alias, 0 drivers
v0x55b321a44660_0 .net "a", 0 0, L_0x55b321a48ac0;  alias, 1 drivers
v0x55b321a44720_0 .net "b", 0 0, L_0x55b321a48ba0;  alias, 1 drivers
v0x55b321a447c0_0 .net "c", 0 0, L_0x55b321a48d00;  alias, 1 drivers
v0x55b321a44880_0 .net "d", 0 0, L_0x55b321a48de0;  alias, 1 drivers
v0x55b321a44990_0 .var "out", 0 0;
E_0x55b321a24170/0 .event edge, v0x55b321a175e0_0, v0x55b321a44880_0, v0x55b321a447c0_0, v0x55b321a44720_0;
E_0x55b321a24170/1 .event edge, v0x55b321a44660_0;
E_0x55b321a24170 .event/or E_0x55b321a24170/0, E_0x55b321a24170/1;
S_0x55b321a450a0 .scope module, "celda1" "cl" 2 4, 3 1 0, S_0x55b321a26360;
 .timescale 0 0;
    .port_info 0 /OUTPUT 1 "out";
    .port_info 1 /INPUT 1 "a";
    .port_info 2 /INPUT 1 "b";
    .port_info 3 /INPUT 2 "S";
L_0x55b321a490c0 .functor AND 1, L_0x55b321a494a0, L_0x55b321a49540, C4<1>, C4<1>;
L_0x55b321a49130 .functor OR 1, L_0x55b321a494a0, L_0x55b321a49540, C4<0>, C4<0>;
L_0x55b321a49240 .functor XOR 1, L_0x55b321a494a0, L_0x55b321a49540, C4<0>, C4<0>;
L_0x55b321a49300 .functor NOT 1, L_0x55b321a494a0, C4<0>, C4<0>, C4<0>;
v0x55b321a45ba0_0 .net "S", 1 0, o0x7fadb5074018;  alias, 0 drivers
v0x55b321a45c80_0 .net "a", 0 0, L_0x55b321a494a0;  1 drivers
v0x55b321a45d40_0 .net "b", 0 0, L_0x55b321a49540;  1 drivers
v0x55b321a45de0_0 .net "cand", 0 0, L_0x55b321a490c0;  1 drivers
v0x55b321a45eb0_0 .net "cnot", 0 0, L_0x55b321a49300;  1 drivers
v0x55b321a45fa0_0 .net "cor", 0 0, L_0x55b321a49130;  1 drivers
v0x55b321a46070_0 .net "cxor", 0 0, L_0x55b321a49240;  1 drivers
v0x55b321a46140_0 .net "out", 0 0, v0x55b321a45a20_0;  1 drivers
S_0x55b321a452f0 .scope module, "mux" "mux4_1" 3 10, 4 1 0, S_0x55b321a450a0;
 .timescale 0 0;
    .port_info 0 /OUTPUT 1 "out";
    .port_info 1 /INPUT 1 "a";
    .port_info 2 /INPUT 1 "b";
    .port_info 3 /INPUT 1 "c";
    .port_info 4 /INPUT 1 "d";
    .port_info 5 /INPUT 2 "S";
v0x55b321a455c0_0 .net "S", 1 0, o0x7fadb5074018;  alias, 0 drivers
v0x55b321a456f0_0 .net "a", 0 0, L_0x55b321a490c0;  alias, 1 drivers
v0x55b321a457b0_0 .net "b", 0 0, L_0x55b321a49130;  alias, 1 drivers
v0x55b321a45850_0 .net "c", 0 0, L_0x55b321a49240;  alias, 1 drivers
v0x55b321a45910_0 .net "d", 0 0, L_0x55b321a49300;  alias, 1 drivers
v0x55b321a45a20_0 .var "out", 0 0;
E_0x55b321a1d8a0/0 .event edge, v0x55b321a175e0_0, v0x55b321a45910_0, v0x55b321a45850_0, v0x55b321a457b0_0;
E_0x55b321a1d8a0/1 .event edge, v0x55b321a456f0_0;
E_0x55b321a1d8a0 .event/or E_0x55b321a1d8a0/0, E_0x55b321a1d8a0/1;
S_0x55b321a46240 .scope module, "celda2" "cl" 2 5, 3 1 0, S_0x55b321a26360;
 .timescale 0 0;
    .port_info 0 /OUTPUT 1 "out";
    .port_info 1 /INPUT 1 "a";
    .port_info 2 /INPUT 1 "b";
    .port_info 3 /INPUT 2 "S";
L_0x55b321a49670 .functor AND 1, L_0x55b321a49ac0, L_0x55b321a49b60, C4<1>, C4<1>;
L_0x55b321a49730 .functor OR 1, L_0x55b321a49ac0, L_0x55b321a49b60, C4<0>, C4<0>;
L_0x55b321a49890 .functor XOR 1, L_0x55b321a49ac0, L_0x55b321a49b60, C4<0>, C4<0>;
L_0x55b321a49950 .functor NOT 1, L_0x55b321a49ac0, C4<0>, C4<0>, C4<0>;
v0x55b321a46d20_0 .net "S", 1 0, o0x7fadb5074018;  alias, 0 drivers
v0x55b321a46e00_0 .net "a", 0 0, L_0x55b321a49ac0;  1 drivers
v0x55b321a46ec0_0 .net "b", 0 0, L_0x55b321a49b60;  1 drivers
v0x55b321a46f60_0 .net "cand", 0 0, L_0x55b321a49670;  1 drivers
v0x55b321a47030_0 .net "cnot", 0 0, L_0x55b321a49950;  1 drivers
v0x55b321a47120_0 .net "cor", 0 0, L_0x55b321a49730;  1 drivers
v0x55b321a471f0_0 .net "cxor", 0 0, L_0x55b321a49890;  1 drivers
v0x55b321a472c0_0 .net "out", 0 0, v0x55b321a46b60_0;  1 drivers
S_0x55b321a464c0 .scope module, "mux" "mux4_1" 3 10, 4 1 0, S_0x55b321a46240;
 .timescale 0 0;
    .port_info 0 /OUTPUT 1 "out";
    .port_info 1 /INPUT 1 "a";
    .port_info 2 /INPUT 1 "b";
    .port_info 3 /INPUT 1 "c";
    .port_info 4 /INPUT 1 "d";
    .port_info 5 /INPUT 2 "S";
v0x55b321a46770_0 .net "S", 1 0, o0x7fadb5074018;  alias, 0 drivers
v0x55b321a46850_0 .net "a", 0 0, L_0x55b321a49670;  alias, 1 drivers
v0x55b321a46910_0 .net "b", 0 0, L_0x55b321a49730;  alias, 1 drivers
v0x55b321a469e0_0 .net "c", 0 0, L_0x55b321a49890;  alias, 1 drivers
v0x55b321a46aa0_0 .net "d", 0 0, L_0x55b321a49950;  alias, 1 drivers
v0x55b321a46b60_0 .var "out", 0 0;
E_0x55b321a1db40/0 .event edge, v0x55b321a175e0_0, v0x55b321a46aa0_0, v0x55b321a469e0_0, v0x55b321a46910_0;
E_0x55b321a1db40/1 .event edge, v0x55b321a46850_0;
E_0x55b321a1db40 .event/or E_0x55b321a1db40/0, E_0x55b321a1db40/1;
S_0x55b321a473c0 .scope module, "celda3" "cl" 2 6, 3 1 0, S_0x55b321a26360;
 .timescale 0 0;
    .port_info 0 /OUTPUT 1 "out";
    .port_info 1 /INPUT 1 "a";
    .port_info 2 /INPUT 1 "b";
    .port_info 3 /INPUT 2 "S";
L_0x55b321a49cd0 .functor AND 1, L_0x55b321a4a230, L_0x55b321a4a3b0, C4<1>, C4<1>;
L_0x55b321a49d40 .functor OR 1, L_0x55b321a4a230, L_0x55b321a4a3b0, C4<0>, C4<0>;
L_0x55b321a49e50 .functor XOR 1, L_0x55b321a4a230, L_0x55b321a4a3b0, C4<0>, C4<0>;
L_0x55b321a49f30 .functor NOT 1, L_0x55b321a4a230, C4<0>, C4<0>, C4<0>;
v0x55b321a47f20_0 .net "S", 1 0, o0x7fadb5074018;  alias, 0 drivers
v0x55b321a48000_0 .net "a", 0 0, L_0x55b321a4a230;  1 drivers
v0x55b321a480c0_0 .net "b", 0 0, L_0x55b321a4a3b0;  1 drivers
v0x55b321a48160_0 .net "cand", 0 0, L_0x55b321a49cd0;  1 drivers
v0x55b321a48230_0 .net "cnot", 0 0, L_0x55b321a49f30;  1 drivers
v0x55b321a48320_0 .net "cor", 0 0, L_0x55b321a49d40;  1 drivers
v0x55b321a483f0_0 .net "cxor", 0 0, L_0x55b321a49e50;  1 drivers
v0x55b321a484c0_0 .net "out", 0 0, v0x55b321a47d60_0;  1 drivers
S_0x55b321a47610 .scope module, "mux" "mux4_1" 3 10, 4 1 0, S_0x55b321a473c0;
 .timescale 0 0;
    .port_info 0 /OUTPUT 1 "out";
    .port_info 1 /INPUT 1 "a";
    .port_info 2 /INPUT 1 "b";
    .port_info 3 /INPUT 1 "c";
    .port_info 4 /INPUT 1 "d";
    .port_info 5 /INPUT 2 "S";
v0x55b321a47920_0 .net "S", 1 0, o0x7fadb5074018;  alias, 0 drivers
v0x55b321a47a00_0 .net "a", 0 0, L_0x55b321a49cd0;  alias, 1 drivers
v0x55b321a47ac0_0 .net "b", 0 0, L_0x55b321a49d40;  alias, 1 drivers
v0x55b321a47b90_0 .net "c", 0 0, L_0x55b321a49e50;  alias, 1 drivers
v0x55b321a47c50_0 .net "d", 0 0, L_0x55b321a49f30;  alias, 1 drivers
v0x55b321a47d60_0 .var "out", 0 0;
E_0x55b321a47890/0 .event edge, v0x55b321a175e0_0, v0x55b321a47c50_0, v0x55b321a47b90_0, v0x55b321a47ac0_0;
E_0x55b321a47890/1 .event edge, v0x55b321a47a00_0;
E_0x55b321a47890 .event/or E_0x55b321a47890/0, E_0x55b321a47890/1;
    .scope S_0x55b3219e8ce0;
T_0 ;
    %wait E_0x55b321a24170;
    %load/vec4 v0x55b321a175e0_0;
    %dup/vec4;
    %pushi/vec4 0, 0, 2;
    %cmp/u;
    %jmp/1 T_0.0, 6;
    %dup/vec4;
    %pushi/vec4 1, 0, 2;
    %cmp/u;
    %jmp/1 T_0.1, 6;
    %dup/vec4;
    %pushi/vec4 2, 0, 2;
    %cmp/u;
    %jmp/1 T_0.2, 6;
    %dup/vec4;
    %pushi/vec4 3, 0, 2;
    %cmp/u;
    %jmp/1 T_0.3, 6;
    %pushi/vec4 1, 1, 1;
    %store/vec4 v0x55b321a44990_0, 0, 1;
    %jmp T_0.5;
T_0.0 ;
    %load/vec4 v0x55b321a44660_0;
    %store/vec4 v0x55b321a44990_0, 0, 1;
    %jmp T_0.5;
T_0.1 ;
    %load/vec4 v0x55b321a44720_0;
    %store/vec4 v0x55b321a44990_0, 0, 1;
    %jmp T_0.5;
T_0.2 ;
    %load/vec4 v0x55b321a447c0_0;
    %store/vec4 v0x55b321a44990_0, 0, 1;
    %jmp T_0.5;
T_0.3 ;
    %load/vec4 v0x55b321a44880_0;
    %store/vec4 v0x55b321a44990_0, 0, 1;
    %jmp T_0.5;
T_0.5 ;
    %pop/vec4 1;
    %jmp T_0;
    .thread T_0, $push;
    .scope S_0x55b321a452f0;
T_1 ;
    %wait E_0x55b321a1d8a0;
    %load/vec4 v0x55b321a455c0_0;
    %dup/vec4;
    %pushi/vec4 0, 0, 2;
    %cmp/u;
    %jmp/1 T_1.0, 6;
    %dup/vec4;
    %pushi/vec4 1, 0, 2;
    %cmp/u;
    %jmp/1 T_1.1, 6;
    %dup/vec4;
    %pushi/vec4 2, 0, 2;
    %cmp/u;
    %jmp/1 T_1.2, 6;
    %dup/vec4;
    %pushi/vec4 3, 0, 2;
    %cmp/u;
    %jmp/1 T_1.3, 6;
    %pushi/vec4 1, 1, 1;
    %store/vec4 v0x55b321a45a20_0, 0, 1;
    %jmp T_1.5;
T_1.0 ;
    %load/vec4 v0x55b321a456f0_0;
    %store/vec4 v0x55b321a45a20_0, 0, 1;
    %jmp T_1.5;
T_1.1 ;
    %load/vec4 v0x55b321a457b0_0;
    %store/vec4 v0x55b321a45a20_0, 0, 1;
    %jmp T_1.5;
T_1.2 ;
    %load/vec4 v0x55b321a45850_0;
    %store/vec4 v0x55b321a45a20_0, 0, 1;
    %jmp T_1.5;
T_1.3 ;
    %load/vec4 v0x55b321a45910_0;
    %store/vec4 v0x55b321a45a20_0, 0, 1;
    %jmp T_1.5;
T_1.5 ;
    %pop/vec4 1;
    %jmp T_1;
    .thread T_1, $push;
    .scope S_0x55b321a464c0;
T_2 ;
    %wait E_0x55b321a1db40;
    %load/vec4 v0x55b321a46770_0;
    %dup/vec4;
    %pushi/vec4 0, 0, 2;
    %cmp/u;
    %jmp/1 T_2.0, 6;
    %dup/vec4;
    %pushi/vec4 1, 0, 2;
    %cmp/u;
    %jmp/1 T_2.1, 6;
    %dup/vec4;
    %pushi/vec4 2, 0, 2;
    %cmp/u;
    %jmp/1 T_2.2, 6;
    %dup/vec4;
    %pushi/vec4 3, 0, 2;
    %cmp/u;
    %jmp/1 T_2.3, 6;
    %pushi/vec4 1, 1, 1;
    %store/vec4 v0x55b321a46b60_0, 0, 1;
    %jmp T_2.5;
T_2.0 ;
    %load/vec4 v0x55b321a46850_0;
    %store/vec4 v0x55b321a46b60_0, 0, 1;
    %jmp T_2.5;
T_2.1 ;
    %load/vec4 v0x55b321a46910_0;
    %store/vec4 v0x55b321a46b60_0, 0, 1;
    %jmp T_2.5;
T_2.2 ;
    %load/vec4 v0x55b321a469e0_0;
    %store/vec4 v0x55b321a46b60_0, 0, 1;
    %jmp T_2.5;
T_2.3 ;
    %load/vec4 v0x55b321a46aa0_0;
    %store/vec4 v0x55b321a46b60_0, 0, 1;
    %jmp T_2.5;
T_2.5 ;
    %pop/vec4 1;
    %jmp T_2;
    .thread T_2, $push;
    .scope S_0x55b321a47610;
T_3 ;
    %wait E_0x55b321a47890;
    %load/vec4 v0x55b321a47920_0;
    %dup/vec4;
    %pushi/vec4 0, 0, 2;
    %cmp/u;
    %jmp/1 T_3.0, 6;
    %dup/vec4;
    %pushi/vec4 1, 0, 2;
    %cmp/u;
    %jmp/1 T_3.1, 6;
    %dup/vec4;
    %pushi/vec4 2, 0, 2;
    %cmp/u;
    %jmp/1 T_3.2, 6;
    %dup/vec4;
    %pushi/vec4 3, 0, 2;
    %cmp/u;
    %jmp/1 T_3.3, 6;
    %pushi/vec4 1, 1, 1;
    %store/vec4 v0x55b321a47d60_0, 0, 1;
    %jmp T_3.5;
T_3.0 ;
    %load/vec4 v0x55b321a47a00_0;
    %store/vec4 v0x55b321a47d60_0, 0, 1;
    %jmp T_3.5;
T_3.1 ;
    %load/vec4 v0x55b321a47ac0_0;
    %store/vec4 v0x55b321a47d60_0, 0, 1;
    %jmp T_3.5;
T_3.2 ;
    %load/vec4 v0x55b321a47b90_0;
    %store/vec4 v0x55b321a47d60_0, 0, 1;
    %jmp T_3.5;
T_3.3 ;
    %load/vec4 v0x55b321a47c50_0;
    %store/vec4 v0x55b321a47d60_0, 0, 1;
    %jmp T_3.5;
T_3.5 ;
    %pop/vec4 1;
    %jmp T_3;
    .thread T_3, $push;
# The file index is used to find the file name in the following table.
:file_names 5;
    "N/A";
    "<interactive>";
    "ul4.v";
    "cl.v";
    "mux4_1.v";
