#! /opt/iverilog/bin/vvp
:ivl_version "11.0 (stable)" "(v11_0-132-gb2f2414f4)";
:ivl_delay_selection "TYPICAL";
:vpi_time_precision - 11;
:vpi_module "/opt/iverilog/lib/ivl/system.vpi";
:vpi_module "/opt/iverilog/lib/ivl/vhdl_sys.vpi";
:vpi_module "/opt/iverilog/lib/ivl/vhdl_textio.vpi";
:vpi_module "/opt/iverilog/lib/ivl/v2005_math.vpi";
:vpi_module "/opt/iverilog/lib/ivl/va_math.vpi";
S_0x55bf177c4e60 .scope module, "alu_tb" "alu_tb" 2 3;
 .timescale -9 -11;
v0x55bf177fe640_0 .var "error", 0 0;
v0x55bf177fe720_0 .var "error_R", 0 0;
v0x55bf177fe7e0_0 .var "error_c", 0 0;
v0x55bf177fe880_0 .var "error_s", 0 0;
v0x55bf177fe940_0 .var "error_z", 0 0;
v0x55bf177fea00_0 .var/i "errores", 31 0;
v0x55bf177feae0_0 .var "t_A", 3 0;
v0x55bf177feba0_0 .var "t_B", 3 0;
v0x55bf177fecb0_0 .var "t_Op", 1 0;
v0x55bf177fed70_0 .net "t_R", 3 0, L_0x55bf17801910;  1 drivers
v0x55bf177fee30_0 .net "t_c", 0 0, L_0x55bf178054a0;  1 drivers
v0x55bf177feed0_0 .var "t_cin", 0 0;
v0x55bf177fef70_0 .var "t_l", 0 0;
v0x55bf177ff060_0 .net "t_s", 0 0, L_0x55bf17800660;  1 drivers
v0x55bf177ff100_0 .net "t_z", 0 0, L_0x55bf17800480;  1 drivers
S_0x55bf177b6200 .scope task, "check" "check" 2 58, 2 58 0, S_0x55bf177c4e60;
 .timescale -9 -11;
v0x55bf177d0ae0_0 .var "expected_R", 4 0;
v0x55bf177ceb00_0 .var "expected_c", 0 0;
v0x55bf177ee330_0 .var "expected_s", 0 0;
v0x55bf177ee3d0_0 .var "expected_z", 0 0;
TD_alu_tb.check ;
    %vpi_call 2 63 "$write", "tiempo=%0d A=%b B=%b c_in=%b L=%b OP=%b R=%b, Z=%b, C=%b, S=%b.", $time, v0x55bf177feae0_0, v0x55bf177feba0_0, v0x55bf177feed0_0, v0x55bf177fef70_0, v0x55bf177fecb0_0, v0x55bf177fed70_0, v0x55bf177ff100_0, v0x55bf177fee30_0, v0x55bf177ff060_0 {0 0 0};
    %load/vec4 v0x55bf177fef70_0;
    %flag_set/vec4 8;
    %jmp/0xz  T_0.0, 8;
    %load/vec4 v0x55bf177fecb0_0;
    %dup/vec4;
    %pushi/vec4 0, 0, 2;
    %cmp/u;
    %jmp/1 T_0.2, 6;
    %dup/vec4;
    %pushi/vec4 1, 0, 2;
    %cmp/u;
    %jmp/1 T_0.3, 6;
    %dup/vec4;
    %pushi/vec4 2, 0, 2;
    %cmp/u;
    %jmp/1 T_0.4, 6;
    %dup/vec4;
    %pushi/vec4 3, 0, 2;
    %cmp/u;
    %jmp/1 T_0.5, 6;
    %vpi_call 2 73 "$display", "ERROR. Valor no esperado para t_Op: %b", v0x55bf177fecb0_0 {0 0 0};
    %jmp T_0.7;
T_0.2 ;
    %load/vec4 v0x55bf177feae0_0;
    %load/vec4 v0x55bf177feba0_0;
    %and;
    %ix/load 4, 0, 0;
    %flag_set/imm 4, 0;
    %store/vec4 v0x55bf177d0ae0_0, 4, 4;
    %jmp T_0.7;
T_0.3 ;
    %load/vec4 v0x55bf177feae0_0;
    %load/vec4 v0x55bf177feba0_0;
    %or;
    %ix/load 4, 0, 0;
    %flag_set/imm 4, 0;
    %store/vec4 v0x55bf177d0ae0_0, 4, 4;
    %jmp T_0.7;
T_0.4 ;
    %load/vec4 v0x55bf177feae0_0;
    %load/vec4 v0x55bf177feba0_0;
    %xor;
    %ix/load 4, 0, 0;
    %flag_set/imm 4, 0;
    %store/vec4 v0x55bf177d0ae0_0, 4, 4;
    %jmp T_0.7;
T_0.5 ;
    %load/vec4 v0x55bf177feae0_0;
    %inv;
    %ix/load 4, 0, 0;
    %flag_set/imm 4, 0;
    %store/vec4 v0x55bf177d0ae0_0, 4, 4;
    %jmp T_0.7;
T_0.7 ;
    %pop/vec4 1;
    %pushi/vec4 0, 0, 1;
    %store/vec4 v0x55bf177ceb00_0, 0, 1;
    %load/vec4 v0x55bf177d0ae0_0;
    %parti/s 1, 3, 3;
    %store/vec4 v0x55bf177ee330_0, 0, 1;
    %pushi/vec4 0, 0, 1;
    %store/vec4 v0x55bf177fe880_0, 0, 1;
    %pushi/vec4 0, 0, 1;
    %store/vec4 v0x55bf177fe7e0_0, 0, 1;
    %jmp T_0.1;
T_0.0 ;
    %load/vec4 v0x55bf177fecb0_0;
    %dup/vec4;
    %pushi/vec4 0, 0, 2;
    %cmp/u;
    %jmp/1 T_0.8, 6;
    %dup/vec4;
    %pushi/vec4 1, 0, 2;
    %cmp/u;
    %jmp/1 T_0.9, 6;
    %dup/vec4;
    %pushi/vec4 2, 0, 2;
    %cmp/u;
    %jmp/1 T_0.10, 6;
    %dup/vec4;
    %pushi/vec4 3, 0, 2;
    %cmp/u;
    %jmp/1 T_0.11, 6;
    %vpi_call 2 89 "$display", "ERROR. Valor no esperado para t_Op: %b", v0x55bf177fecb0_0 {0 0 0};
    %jmp T_0.13;
T_0.8 ;
    %load/vec4 v0x55bf177feae0_0;
    %pad/u 5;
    %load/vec4 v0x55bf177feed0_0;
    %pad/u 5;
    %add;
    %store/vec4 v0x55bf177d0ae0_0, 0, 5;
    %jmp T_0.13;
T_0.9 ;
    %load/vec4 v0x55bf177feae0_0;
    %pad/u 5;
    %pushi/vec4 15, 0, 5;
    %xor;
    %addi 1, 0, 5;
    %load/vec4 v0x55bf177feed0_0;
    %pad/u 5;
    %add;
    %store/vec4 v0x55bf177d0ae0_0, 0, 5;
    %jmp T_0.13;
T_0.10 ;
    %load/vec4 v0x55bf177feae0_0;
    %pad/u 5;
    %load/vec4 v0x55bf177feba0_0;
    %pad/u 5;
    %add;
    %load/vec4 v0x55bf177feed0_0;
    %pad/u 5;
    %add;
    %store/vec4 v0x55bf177d0ae0_0, 0, 5;
    %jmp T_0.13;
T_0.11 ;
    %load/vec4 v0x55bf177feae0_0;
    %pad/u 5;
    %addi 1, 0, 5;
    %load/vec4 v0x55bf177feed0_0;
    %pad/u 5;
    %add;
    %store/vec4 v0x55bf177d0ae0_0, 0, 5;
    %jmp T_0.13;
T_0.13 ;
    %pop/vec4 1;
    %load/vec4 v0x55bf177d0ae0_0;
    %parti/s 1, 4, 4;
    %store/vec4 v0x55bf177ceb00_0, 0, 1;
    %load/vec4 v0x55bf177d0ae0_0;
    %parti/s 1, 3, 3;
    %store/vec4 v0x55bf177ee330_0, 0, 1;
    %load/vec4 v0x55bf177ee330_0;
    %load/vec4 v0x55bf177ff060_0;
    %cmp/ne;
    %flag_get/vec4 6;
    %store/vec4 v0x55bf177fe880_0, 0, 1;
    %load/vec4 v0x55bf177ceb00_0;
    %load/vec4 v0x55bf177fee30_0;
    %cmp/ne;
    %flag_get/vec4 6;
    %store/vec4 v0x55bf177fe7e0_0, 0, 1;
T_0.1 ;
    %load/vec4 v0x55bf177d0ae0_0;
    %parti/s 4, 0, 2;
    %nor/r;
    %store/vec4 v0x55bf177ee3d0_0, 0, 1;
    %load/vec4 v0x55bf177d0ae0_0;
    %parti/s 4, 0, 2;
    %load/vec4 v0x55bf177fed70_0;
    %cmp/ne;
    %flag_get/vec4 6;
    %store/vec4 v0x55bf177fe720_0, 0, 1;
    %load/vec4 v0x55bf177ee3d0_0;
    %load/vec4 v0x55bf177ff100_0;
    %cmp/ne;
    %flag_get/vec4 6;
    %store/vec4 v0x55bf177fe940_0, 0, 1;
    %load/vec4 v0x55bf177fe720_0;
    %load/vec4 v0x55bf177fe940_0;
    %or;
    %load/vec4 v0x55bf177fe880_0;
    %or;
    %load/vec4 v0x55bf177fe7e0_0;
    %or;
    %store/vec4 v0x55bf177fe640_0, 0, 1;
    %load/vec4 v0x55bf177fe640_0;
    %flag_set/vec4 8;
    %jmp/0xz  T_0.14, 8;
    %load/vec4 v0x55bf177fea00_0;
    %addi 1, 0, 32;
    %store/vec4 v0x55bf177fea00_0, 0, 32;
    %vpi_call 2 106 "$display", " ---- ERROR" {0 0 0};
    %load/vec4 v0x55bf177fe720_0;
    %flag_set/vec4 8;
    %jmp/0xz  T_0.16, 8;
    %vpi_call 2 108 "$display", "\011Resultado esperado %b, obtenido %b", &PV<v0x55bf177d0ae0_0, 0, 4>, v0x55bf177fed70_0 {0 0 0};
T_0.16 ;
    %load/vec4 v0x55bf177fe940_0;
    %flag_set/vec4 8;
    %jmp/0xz  T_0.18, 8;
    %vpi_call 2 110 "$display", "\011Flag de cero esperado %b, obtenido %b", v0x55bf177ee3d0_0, v0x55bf177ff100_0 {0 0 0};
T_0.18 ;
    %load/vec4 v0x55bf177fe880_0;
    %flag_set/vec4 8;
    %jmp/0xz  T_0.20, 8;
    %vpi_call 2 112 "$display", "\011Flag de signo esperado %b, obtenido %b", v0x55bf177ee330_0, v0x55bf177ff060_0 {0 0 0};
T_0.20 ;
    %load/vec4 v0x55bf177fe7e0_0;
    %flag_set/vec4 8;
    %jmp/0xz  T_0.22, 8;
    %vpi_call 2 114 "$display", "\011Flag de acarreo esperado %b, obtenido %b", v0x55bf177ceb00_0, v0x55bf177fee30_0 {0 0 0};
T_0.22 ;
    %jmp T_0.15;
T_0.14 ;
    %vpi_call 2 117 "$display", " ---- OK" {0 0 0};
T_0.15 ;
    %end;
S_0x55bf177ee490 .scope module, "mat" "alu" 2 16, 3 1 0, S_0x55bf177c4e60;
 .timescale -9 -11;
    .port_info 0 /OUTPUT 4 "R";
    .port_info 1 /OUTPUT 1 "zero";
    .port_info 2 /OUTPUT 1 "c_out";
    .port_info 3 /OUTPUT 1 "sign";
    .port_info 4 /INPUT 4 "A";
    .port_info 5 /INPUT 4 "B";
    .port_info 6 /INPUT 1 "c_in";
    .port_info 7 /INPUT 2 "ALUOP";
    .port_info 8 /INPUT 1 "l";
L_0x55bf177ff3d0 .functor NOT 1, L_0x55bf177ff330, C4<0>, C4<0>, C4<0>;
L_0x55bf177ff490 .functor AND 1, L_0x55bf177ff290, L_0x55bf177ff3d0, C4<1>, C4<1>;
L_0x55bf177ff5a0 .functor OR 1, v0x55bf177fef70_0, L_0x55bf177ff490, C4<0>, C4<0>;
L_0x55bf177ff820 .functor NOT 1, L_0x55bf177ff780, C4<0>, C4<0>, C4<0>;
L_0x55bf177ff910 .functor AND 1, L_0x55bf177ff6b0, L_0x55bf177ff820, C4<1>, C4<1>;
L_0x55bf177ffa20 .functor OR 1, v0x55bf177fef70_0, L_0x55bf177ff910, C4<0>, C4<0>;
L_0x55bf177ffbb0 .functor NOT 1, v0x55bf177fef70_0, C4<0>, C4<0>, C4<0>;
L_0x55bf177fff10 .functor NOT 1, L_0x55bf177ffc20, C4<0>, C4<0>, C4<0>;
L_0x55bf17800020 .functor AND 1, L_0x55bf177ffbb0, L_0x55bf177fff10, C4<1>, C4<1>;
L_0x55bf178001d0 .functor AND 1, L_0x55bf17800020, L_0x55bf17800130, C4<1>, C4<1>;
v0x55bf177fc3e0_0 .net "A", 3 0, v0x55bf177feae0_0;  1 drivers
v0x55bf177fc510_0 .net "ALUOP", 1 0, v0x55bf177fecb0_0;  1 drivers
v0x55bf177fc5d0_0 .net "B", 3 0, v0x55bf177feba0_0;  1 drivers
v0x55bf177fc670_0 .net "OP1", 3 0, L_0x55bf178010a0;  1 drivers
v0x55bf177fc710_0 .net "OP2", 3 0, L_0x55bf17802220;  1 drivers
v0x55bf177fc820_0 .net "R", 3 0, L_0x55bf17801910;  alias, 1 drivers
v0x55bf177fc8e0_0 .net *"_ivl_13", 0 0, L_0x55bf177ff6b0;  1 drivers
v0x55bf177fc9a0_0 .net *"_ivl_15", 0 0, L_0x55bf177ff780;  1 drivers
v0x55bf177fca80_0 .net *"_ivl_16", 0 0, L_0x55bf177ff820;  1 drivers
v0x55bf177fcb60_0 .net *"_ivl_18", 0 0, L_0x55bf177ff910;  1 drivers
v0x55bf177fcc40_0 .net *"_ivl_22", 0 0, L_0x55bf177ffbb0;  1 drivers
v0x55bf177fcd20_0 .net *"_ivl_25", 0 0, L_0x55bf177ffc20;  1 drivers
v0x55bf177fce00_0 .net *"_ivl_26", 0 0, L_0x55bf177fff10;  1 drivers
v0x55bf177fcee0_0 .net *"_ivl_28", 0 0, L_0x55bf17800020;  1 drivers
v0x55bf177fcfc0_0 .net *"_ivl_3", 0 0, L_0x55bf177ff290;  1 drivers
v0x55bf177fd0a0_0 .net *"_ivl_31", 0 0, L_0x55bf17800130;  1 drivers
L_0x7f2a321d6018 .functor BUFT 1, C4<0000>, C4<0>, C4<0>, C4<0>;
v0x55bf177fd180_0 .net/2u *"_ivl_34", 3 0, L_0x7f2a321d6018;  1 drivers
v0x55bf177fd370_0 .net *"_ivl_36", 0 0, L_0x55bf17800390;  1 drivers
L_0x7f2a321d6060 .functor BUFT 1, C4<1>, C4<0>, C4<0>, C4<0>;
v0x55bf177fd430_0 .net/2u *"_ivl_38", 0 0, L_0x7f2a321d6060;  1 drivers
L_0x7f2a321d60a8 .functor BUFT 1, C4<0>, C4<0>, C4<0>, C4<0>;
v0x55bf177fd510_0 .net/2u *"_ivl_40", 0 0, L_0x7f2a321d60a8;  1 drivers
v0x55bf177fd5f0_0 .net *"_ivl_5", 0 0, L_0x55bf177ff330;  1 drivers
v0x55bf177fd6d0_0 .net *"_ivl_6", 0 0, L_0x55bf177ff3d0;  1 drivers
v0x55bf177fd7b0_0 .net *"_ivl_8", 0 0, L_0x55bf177ff490;  1 drivers
v0x55bf177fd890_0 .net "add1", 0 0, L_0x55bf177ff1a0;  1 drivers
v0x55bf177fd960_0 .net "add1_to_op1_A", 3 0, L_0x55bf17800af0;  1 drivers
v0x55bf177fda00_0 .net "c_in", 0 0, v0x55bf177feed0_0;  1 drivers
v0x55bf177fdaf0_0 .net "c_out", 0 0, L_0x55bf178054a0;  alias, 1 drivers
v0x55bf177fdbe0_0 .net "cpl", 0 0, L_0x55bf178001d0;  1 drivers
v0x55bf177fdc80_0 .net "l", 0 0, v0x55bf177fef70_0;  1 drivers
v0x55bf177fdd20_0 .net "op1_A", 0 0, L_0x55bf177ff5a0;  1 drivers
v0x55bf177fddc0_0 .net "op2_B", 0 0, L_0x55bf177ffa20;  1 drivers
v0x55bf177fde90_0 .net "op2_B_to_cpl", 3 0, L_0x55bf17801510;  1 drivers
v0x55bf177fdf80_0 .net "sign", 0 0, L_0x55bf17800660;  alias, 1 drivers
v0x55bf177fe230_0 .net "sum4_to_end", 3 0, L_0x55bf17805e40;  1 drivers
v0x55bf177fe320_0 .net "ul4_to_end", 3 0, L_0x55bf17807830;  1 drivers
v0x55bf177fe410_0 .net "zero", 0 0, L_0x55bf17800480;  alias, 1 drivers
L_0x55bf177ff1a0 .part v0x55bf177fecb0_0, 0, 1;
L_0x55bf177ff290 .part v0x55bf177fecb0_0, 1, 1;
L_0x55bf177ff330 .part v0x55bf177fecb0_0, 0, 1;
L_0x55bf177ff6b0 .part v0x55bf177fecb0_0, 1, 1;
L_0x55bf177ff780 .part v0x55bf177fecb0_0, 0, 1;
L_0x55bf177ffc20 .part v0x55bf177fecb0_0, 1, 1;
L_0x55bf17800130 .part v0x55bf177fecb0_0, 0, 1;
L_0x55bf17800390 .cmp/eq 4, L_0x55bf17801910, L_0x7f2a321d6018;
L_0x55bf17800480 .functor MUXZ 1, L_0x7f2a321d60a8, L_0x7f2a321d6060, L_0x55bf17800390, C4<>;
L_0x55bf17800660 .part L_0x55bf17801910, 3, 1;
S_0x55bf177ee7c0 .scope module, "alucinogeno" "ul4" 3 31, 4 1 0, S_0x55bf177ee490;
 .timescale -9 -11;
    .port_info 0 /OUTPUT 4 "Out";
    .port_info 1 /INPUT 4 "A";
    .port_info 2 /INPUT 4 "B";
    .port_info 3 /INPUT 2 "S";
v0x55bf177f2e90_0 .net "A", 3 0, L_0x55bf178010a0;  alias, 1 drivers
v0x55bf177f2f70_0 .net "B", 3 0, L_0x55bf17802220;  alias, 1 drivers
v0x55bf177f3050_0 .net "Out", 3 0, L_0x55bf17807830;  alias, 1 drivers
v0x55bf177f3110_0 .net "S", 1 0, v0x55bf177fecb0_0;  alias, 1 drivers
L_0x55bf17806810 .part L_0x55bf178010a0, 0, 1;
L_0x55bf178068b0 .part L_0x55bf17802220, 0, 1;
L_0x55bf17806d70 .part L_0x55bf178010a0, 1, 1;
L_0x55bf17806e10 .part L_0x55bf17802220, 1, 1;
L_0x55bf178072d0 .part L_0x55bf178010a0, 2, 1;
L_0x55bf17807370 .part L_0x55bf17802220, 2, 1;
L_0x55bf17807830 .concat8 [ 1 1 1 1], v0x55bf177ef2c0_0, v0x55bf177f03d0_0, v0x55bf177f14a0_0, v0x55bf177f2630_0;
L_0x55bf17807a00 .part L_0x55bf178010a0, 3, 1;
L_0x55bf17807af0 .part L_0x55bf17802220, 3, 1;
S_0x55bf177ee9a0 .scope module, "celda0" "cl" 4 3, 5 1 0, S_0x55bf177ee7c0;
 .timescale -9 -11;
    .port_info 0 /OUTPUT 1 "out";
    .port_info 1 /INPUT 1 "a";
    .port_info 2 /INPUT 1 "b";
    .port_info 3 /INPUT 2 "S";
L_0x55bf178064c0 .functor AND 1, L_0x55bf17806810, L_0x55bf178068b0, C4<1>, C4<1>;
L_0x55bf17806530 .functor OR 1, L_0x55bf17806810, L_0x55bf178068b0, C4<0>, C4<0>;
L_0x55bf17806690 .functor XOR 1, L_0x55bf17806810, L_0x55bf178068b0, C4<0>, C4<0>;
L_0x55bf17806750 .functor NOT 1, L_0x55bf17806810, C4<0>, C4<0>, C4<0>;
v0x55bf177ef440_0 .net "S", 1 0, v0x55bf177fecb0_0;  alias, 1 drivers
v0x55bf177ef520_0 .net "a", 0 0, L_0x55bf17806810;  1 drivers
v0x55bf177ef5c0_0 .net "b", 0 0, L_0x55bf178068b0;  1 drivers
v0x55bf177ef660_0 .net "cand", 0 0, L_0x55bf178064c0;  1 drivers
v0x55bf177ef730_0 .net "cnot", 0 0, L_0x55bf17806750;  1 drivers
v0x55bf177ef820_0 .net "cor", 0 0, L_0x55bf17806530;  1 drivers
v0x55bf177ef8f0_0 .net "cxor", 0 0, L_0x55bf17806690;  1 drivers
v0x55bf177ef9c0_0 .net "out", 0 0, v0x55bf177ef2c0_0;  1 drivers
S_0x55bf177eeba0 .scope module, "mux" "mux4_1" 5 10, 6 1 0, S_0x55bf177ee9a0;
 .timescale -9 -11;
    .port_info 0 /OUTPUT 1 "out";
    .port_info 1 /INPUT 1 "a";
    .port_info 2 /INPUT 1 "b";
    .port_info 3 /INPUT 1 "c";
    .port_info 4 /INPUT 1 "d";
    .port_info 5 /INPUT 2 "S";
v0x55bf177eee90_0 .net "S", 1 0, v0x55bf177fecb0_0;  alias, 1 drivers
v0x55bf177eef90_0 .net "a", 0 0, L_0x55bf178064c0;  alias, 1 drivers
v0x55bf177ef050_0 .net "b", 0 0, L_0x55bf17806530;  alias, 1 drivers
v0x55bf177ef0f0_0 .net "c", 0 0, L_0x55bf17806690;  alias, 1 drivers
v0x55bf177ef1b0_0 .net "d", 0 0, L_0x55bf17806750;  alias, 1 drivers
v0x55bf177ef2c0_0 .var "out", 0 0;
E_0x55bf1778a9b0/0 .event edge, v0x55bf177eee90_0, v0x55bf177ef1b0_0, v0x55bf177ef0f0_0, v0x55bf177ef050_0;
E_0x55bf1778a9b0/1 .event edge, v0x55bf177eef90_0;
E_0x55bf1778a9b0 .event/or E_0x55bf1778a9b0/0, E_0x55bf1778a9b0/1;
S_0x55bf177efac0 .scope module, "celda1" "cl" 4 4, 5 1 0, S_0x55bf177ee7c0;
 .timescale -9 -11;
    .port_info 0 /OUTPUT 1 "out";
    .port_info 1 /INPUT 1 "a";
    .port_info 2 /INPUT 1 "b";
    .port_info 3 /INPUT 2 "S";
L_0x55bf178069e0 .functor AND 1, L_0x55bf17806d70, L_0x55bf17806e10, C4<1>, C4<1>;
L_0x55bf17806a50 .functor OR 1, L_0x55bf17806d70, L_0x55bf17806e10, C4<0>, C4<0>;
L_0x55bf17806b60 .functor XOR 1, L_0x55bf17806d70, L_0x55bf17806e10, C4<0>, C4<0>;
L_0x55bf17806c20 .functor NOT 1, L_0x55bf17806d70, C4<0>, C4<0>, C4<0>;
v0x55bf177f0550_0 .net "S", 1 0, v0x55bf177fecb0_0;  alias, 1 drivers
v0x55bf177f0630_0 .net "a", 0 0, L_0x55bf17806d70;  1 drivers
v0x55bf177f06f0_0 .net "b", 0 0, L_0x55bf17806e10;  1 drivers
v0x55bf177f0790_0 .net "cand", 0 0, L_0x55bf178069e0;  1 drivers
v0x55bf177f0860_0 .net "cnot", 0 0, L_0x55bf17806c20;  1 drivers
v0x55bf177f0950_0 .net "cor", 0 0, L_0x55bf17806a50;  1 drivers
v0x55bf177f0a20_0 .net "cxor", 0 0, L_0x55bf17806b60;  1 drivers
v0x55bf177f0af0_0 .net "out", 0 0, v0x55bf177f03d0_0;  1 drivers
S_0x55bf177efca0 .scope module, "mux" "mux4_1" 5 10, 6 1 0, S_0x55bf177efac0;
 .timescale -9 -11;
    .port_info 0 /OUTPUT 1 "out";
    .port_info 1 /INPUT 1 "a";
    .port_info 2 /INPUT 1 "b";
    .port_info 3 /INPUT 1 "c";
    .port_info 4 /INPUT 1 "d";
    .port_info 5 /INPUT 2 "S";
v0x55bf177eff70_0 .net "S", 1 0, v0x55bf177fecb0_0;  alias, 1 drivers
v0x55bf177f00a0_0 .net "a", 0 0, L_0x55bf178069e0;  alias, 1 drivers
v0x55bf177f0160_0 .net "b", 0 0, L_0x55bf17806a50;  alias, 1 drivers
v0x55bf177f0200_0 .net "c", 0 0, L_0x55bf17806b60;  alias, 1 drivers
v0x55bf177f02c0_0 .net "d", 0 0, L_0x55bf17806c20;  alias, 1 drivers
v0x55bf177f03d0_0 .var "out", 0 0;
E_0x55bf177d6c20/0 .event edge, v0x55bf177eee90_0, v0x55bf177f02c0_0, v0x55bf177f0200_0, v0x55bf177f0160_0;
E_0x55bf177d6c20/1 .event edge, v0x55bf177f00a0_0;
E_0x55bf177d6c20 .event/or E_0x55bf177d6c20/0, E_0x55bf177d6c20/1;
S_0x55bf177f0bf0 .scope module, "celda2" "cl" 4 5, 5 1 0, S_0x55bf177ee7c0;
 .timescale -9 -11;
    .port_info 0 /OUTPUT 1 "out";
    .port_info 1 /INPUT 1 "a";
    .port_info 2 /INPUT 1 "b";
    .port_info 3 /INPUT 2 "S";
L_0x55bf17806f40 .functor AND 1, L_0x55bf178072d0, L_0x55bf17807370, C4<1>, C4<1>;
L_0x55bf17806fb0 .functor OR 1, L_0x55bf178072d0, L_0x55bf17807370, C4<0>, C4<0>;
L_0x55bf178070c0 .functor XOR 1, L_0x55bf178072d0, L_0x55bf17807370, C4<0>, C4<0>;
L_0x55bf17807180 .functor NOT 1, L_0x55bf178072d0, C4<0>, C4<0>, C4<0>;
v0x55bf177f1660_0 .net "S", 1 0, v0x55bf177fecb0_0;  alias, 1 drivers
v0x55bf177f1740_0 .net "a", 0 0, L_0x55bf178072d0;  1 drivers
v0x55bf177f1800_0 .net "b", 0 0, L_0x55bf17807370;  1 drivers
v0x55bf177f18a0_0 .net "cand", 0 0, L_0x55bf17806f40;  1 drivers
v0x55bf177f1970_0 .net "cnot", 0 0, L_0x55bf17807180;  1 drivers
v0x55bf177f1a60_0 .net "cor", 0 0, L_0x55bf17806fb0;  1 drivers
v0x55bf177f1b30_0 .net "cxor", 0 0, L_0x55bf178070c0;  1 drivers
v0x55bf177f1c00_0 .net "out", 0 0, v0x55bf177f14a0_0;  1 drivers
S_0x55bf177f0e00 .scope module, "mux" "mux4_1" 5 10, 6 1 0, S_0x55bf177f0bf0;
 .timescale -9 -11;
    .port_info 0 /OUTPUT 1 "out";
    .port_info 1 /INPUT 1 "a";
    .port_info 2 /INPUT 1 "b";
    .port_info 3 /INPUT 1 "c";
    .port_info 4 /INPUT 1 "d";
    .port_info 5 /INPUT 2 "S";
v0x55bf177f10b0_0 .net "S", 1 0, v0x55bf177fecb0_0;  alias, 1 drivers
v0x55bf177f1190_0 .net "a", 0 0, L_0x55bf17806f40;  alias, 1 drivers
v0x55bf177f1250_0 .net "b", 0 0, L_0x55bf17806fb0;  alias, 1 drivers
v0x55bf177f1320_0 .net "c", 0 0, L_0x55bf178070c0;  alias, 1 drivers
v0x55bf177f13e0_0 .net "d", 0 0, L_0x55bf17807180;  alias, 1 drivers
v0x55bf177f14a0_0 .var "out", 0 0;
E_0x55bf177d6d40/0 .event edge, v0x55bf177eee90_0, v0x55bf177f13e0_0, v0x55bf177f1320_0, v0x55bf177f1250_0;
E_0x55bf177d6d40/1 .event edge, v0x55bf177f1190_0;
E_0x55bf177d6d40 .event/or E_0x55bf177d6d40/0, E_0x55bf177d6d40/1;
S_0x55bf177f1d00 .scope module, "celda3" "cl" 4 6, 5 1 0, S_0x55bf177ee7c0;
 .timescale -9 -11;
    .port_info 0 /OUTPUT 1 "out";
    .port_info 1 /INPUT 1 "a";
    .port_info 2 /INPUT 1 "b";
    .port_info 3 /INPUT 2 "S";
L_0x55bf178074a0 .functor AND 1, L_0x55bf17807a00, L_0x55bf17807af0, C4<1>, C4<1>;
L_0x55bf17807510 .functor OR 1, L_0x55bf17807a00, L_0x55bf17807af0, C4<0>, C4<0>;
L_0x55bf17807620 .functor XOR 1, L_0x55bf17807a00, L_0x55bf17807af0, C4<0>, C4<0>;
L_0x55bf178076e0 .functor NOT 1, L_0x55bf17807a00, C4<0>, C4<0>, C4<0>;
v0x55bf177f27f0_0 .net "S", 1 0, v0x55bf177fecb0_0;  alias, 1 drivers
v0x55bf177f28d0_0 .net "a", 0 0, L_0x55bf17807a00;  1 drivers
v0x55bf177f2990_0 .net "b", 0 0, L_0x55bf17807af0;  1 drivers
v0x55bf177f2a30_0 .net "cand", 0 0, L_0x55bf178074a0;  1 drivers
v0x55bf177f2b00_0 .net "cnot", 0 0, L_0x55bf178076e0;  1 drivers
v0x55bf177f2bf0_0 .net "cor", 0 0, L_0x55bf17807510;  1 drivers
v0x55bf177f2cc0_0 .net "cxor", 0 0, L_0x55bf17807620;  1 drivers
v0x55bf177f2d90_0 .net "out", 0 0, v0x55bf177f2630_0;  1 drivers
S_0x55bf177f1ee0 .scope module, "mux" "mux4_1" 5 10, 6 1 0, S_0x55bf177f1d00;
 .timescale -9 -11;
    .port_info 0 /OUTPUT 1 "out";
    .port_info 1 /INPUT 1 "a";
    .port_info 2 /INPUT 1 "b";
    .port_info 3 /INPUT 1 "c";
    .port_info 4 /INPUT 1 "d";
    .port_info 5 /INPUT 2 "S";
v0x55bf177f21f0_0 .net "S", 1 0, v0x55bf177fecb0_0;  alias, 1 drivers
v0x55bf177f22d0_0 .net "a", 0 0, L_0x55bf178074a0;  alias, 1 drivers
v0x55bf177f2390_0 .net "b", 0 0, L_0x55bf17807510;  alias, 1 drivers
v0x55bf177f2460_0 .net "c", 0 0, L_0x55bf17807620;  alias, 1 drivers
v0x55bf177f2520_0 .net "d", 0 0, L_0x55bf178076e0;  alias, 1 drivers
v0x55bf177f2630_0 .var "out", 0 0;
E_0x55bf177f2160/0 .event edge, v0x55bf177eee90_0, v0x55bf177f2520_0, v0x55bf177f2460_0, v0x55bf177f2390_0;
E_0x55bf177f2160/1 .event edge, v0x55bf177f22d0_0;
E_0x55bf177f2160 .event/or E_0x55bf177f2160/0, E_0x55bf177f2160/1;
S_0x55bf177f3280 .scope module, "compl1" "compl1" 3 25, 7 1 0, S_0x55bf177ee490;
 .timescale -9 -11;
    .port_info 0 /OUTPUT 4 "Out";
    .port_info 1 /INPUT 4 "Inp";
    .port_info 2 /INPUT 1 "cpl";
L_0x55bf17801a50 .functor NOT 1, L_0x55bf17801ac0, C4<0>, C4<0>, C4<0>;
L_0x55bf17801bb0 .functor NOT 1, L_0x55bf17801c20, C4<0>, C4<0>, C4<0>;
L_0x55bf17801cc0 .functor NOT 1, L_0x55bf17801d30, C4<0>, C4<0>, C4<0>;
L_0x55bf17801fb0 .functor NOT 1, L_0x55bf17802070, C4<0>, C4<0>, C4<0>;
L_0x7f2a321d64e0 .functor BUFT 1, C4<0>, C4<0>, C4<0>, C4<0>;
L_0x55bf17802160 .functor XNOR 1, L_0x55bf178001d0, L_0x7f2a321d64e0, C4<0>, C4<0>;
v0x55bf177f34d0_0 .net "Inp", 3 0, L_0x55bf17801510;  alias, 1 drivers
v0x55bf177f35d0_0 .net "Out", 3 0, L_0x55bf17802220;  alias, 1 drivers
v0x55bf177f3690_0 .net *"_ivl_0", 0 0, L_0x55bf17801a50;  1 drivers
v0x55bf177f3760_0 .net *"_ivl_11", 0 0, L_0x55bf17801d30;  1 drivers
v0x55bf177f3840_0 .net *"_ivl_12", 0 0, L_0x55bf17801fb0;  1 drivers
v0x55bf177f3970_0 .net *"_ivl_16", 0 0, L_0x55bf17802070;  1 drivers
v0x55bf177f3a50_0 .net/2u *"_ivl_17", 0 0, L_0x7f2a321d64e0;  1 drivers
v0x55bf177f3b30_0 .net *"_ivl_19", 0 0, L_0x55bf17802160;  1 drivers
v0x55bf177f3bf0_0 .net *"_ivl_3", 0 0, L_0x55bf17801ac0;  1 drivers
v0x55bf177f3cd0_0 .net *"_ivl_4", 0 0, L_0x55bf17801bb0;  1 drivers
v0x55bf177f3db0_0 .net *"_ivl_7", 0 0, L_0x55bf17801c20;  1 drivers
v0x55bf177f3e90_0 .net *"_ivl_8", 0 0, L_0x55bf17801cc0;  1 drivers
v0x55bf177f3f70_0 .net "cpl", 0 0, L_0x55bf178001d0;  alias, 1 drivers
v0x55bf177f4030_0 .net "oscuro", 3 0, L_0x55bf17801e20;  1 drivers
L_0x55bf17801ac0 .part L_0x55bf17801510, 0, 1;
L_0x55bf17801c20 .part L_0x55bf17801510, 1, 1;
L_0x55bf17801d30 .part L_0x55bf17801510, 2, 1;
L_0x55bf17801e20 .concat8 [ 1 1 1 1], L_0x55bf17801a50, L_0x55bf17801bb0, L_0x55bf17801cc0, L_0x55bf17801fb0;
L_0x55bf17802070 .part L_0x55bf17801510, 3, 1;
L_0x55bf17802220 .functor MUXZ 4, L_0x55bf17801e20, L_0x55bf17801510, L_0x55bf17802160, C4<>;
S_0x55bf177f4190 .scope module, "mux_add1" "mux2_4" 3 19, 8 1 0, S_0x55bf177ee490;
 .timescale -9 -11;
    .port_info 0 /OUTPUT 4 "Out";
    .port_info 1 /INPUT 4 "A";
    .port_info 2 /INPUT 4 "B";
    .port_info 3 /INPUT 1 "s";
L_0x7f2a321d60f0 .functor BUFT 1, C4<0>, C4<0>, C4<0>, C4<0>;
L_0x55bf17800840 .functor XNOR 1, L_0x55bf177ff1a0, L_0x7f2a321d60f0, C4<0>, C4<0>;
L_0x7f2a321d6138 .functor BUFT 1, C4<1>, C4<0>, C4<0>, C4<0>;
L_0x55bf178008b0 .functor XNOR 1, L_0x55bf177ff1a0, L_0x7f2a321d6138, C4<0>, C4<0>;
L_0x7f2a321d61c8 .functor BUFT 1, C4<0000>, C4<0>, C4<0>, C4<0>;
v0x55bf177f4350_0 .net "A", 3 0, L_0x7f2a321d61c8;  1 drivers
L_0x7f2a321d6210 .functor BUFT 1, C4<0001>, C4<0>, C4<0>, C4<0>;
v0x55bf177f4410_0 .net "B", 3 0, L_0x7f2a321d6210;  1 drivers
v0x55bf177f44f0_0 .net "Out", 3 0, L_0x55bf17800af0;  alias, 1 drivers
v0x55bf177f45e0_0 .net/2u *"_ivl_0", 0 0, L_0x7f2a321d60f0;  1 drivers
v0x55bf177f46c0_0 .net *"_ivl_10", 3 0, L_0x55bf178009b0;  1 drivers
v0x55bf177f47f0_0 .net *"_ivl_2", 0 0, L_0x55bf17800840;  1 drivers
v0x55bf177f48b0_0 .net/2u *"_ivl_4", 0 0, L_0x7f2a321d6138;  1 drivers
v0x55bf177f4990_0 .net *"_ivl_6", 0 0, L_0x55bf178008b0;  1 drivers
L_0x7f2a321d6180 .functor BUFT 1, C4<xxxx>, C4<0>, C4<0>, C4<0>;
v0x55bf177f4a50_0 .net *"_ivl_8", 3 0, L_0x7f2a321d6180;  1 drivers
v0x55bf177f4bc0_0 .net "s", 0 0, L_0x55bf177ff1a0;  alias, 1 drivers
L_0x55bf178009b0 .functor MUXZ 4, L_0x7f2a321d6180, L_0x7f2a321d6210, L_0x55bf178008b0, C4<>;
L_0x55bf17800af0 .functor MUXZ 4, L_0x55bf178009b0, L_0x7f2a321d61c8, L_0x55bf17800840, C4<>;
S_0x55bf177f4d00 .scope module, "mux_l" "mux2_4" 3 22, 8 1 0, S_0x55bf177ee490;
 .timescale -9 -11;
    .port_info 0 /OUTPUT 4 "Out";
    .port_info 1 /INPUT 4 "A";
    .port_info 2 /INPUT 4 "B";
    .port_info 3 /INPUT 1 "s";
L_0x7f2a321d6408 .functor BUFT 1, C4<0>, C4<0>, C4<0>, C4<0>;
L_0x55bf17801650 .functor XNOR 1, v0x55bf177fef70_0, L_0x7f2a321d6408, C4<0>, C4<0>;
L_0x7f2a321d6450 .functor BUFT 1, C4<1>, C4<0>, C4<0>, C4<0>;
L_0x55bf17801710 .functor XNOR 1, v0x55bf177fef70_0, L_0x7f2a321d6450, C4<0>, C4<0>;
v0x55bf177f4e90_0 .net "A", 3 0, L_0x55bf17805e40;  alias, 1 drivers
v0x55bf177f4f90_0 .net "B", 3 0, L_0x55bf17807830;  alias, 1 drivers
v0x55bf177f5080_0 .net "Out", 3 0, L_0x55bf17801910;  alias, 1 drivers
v0x55bf177f5150_0 .net/2u *"_ivl_0", 0 0, L_0x7f2a321d6408;  1 drivers
v0x55bf177f5230_0 .net *"_ivl_10", 3 0, L_0x55bf178017d0;  1 drivers
v0x55bf177f5360_0 .net *"_ivl_2", 0 0, L_0x55bf17801650;  1 drivers
v0x55bf177f5420_0 .net/2u *"_ivl_4", 0 0, L_0x7f2a321d6450;  1 drivers
v0x55bf177f5500_0 .net *"_ivl_6", 0 0, L_0x55bf17801710;  1 drivers
L_0x7f2a321d6498 .functor BUFT 1, C4<xxxx>, C4<0>, C4<0>, C4<0>;
v0x55bf177f55c0_0 .net *"_ivl_8", 3 0, L_0x7f2a321d6498;  1 drivers
v0x55bf177f5730_0 .net "s", 0 0, v0x55bf177fef70_0;  alias, 1 drivers
L_0x55bf178017d0 .functor MUXZ 4, L_0x7f2a321d6498, L_0x55bf17807830, L_0x55bf17801710, C4<>;
L_0x55bf17801910 .functor MUXZ 4, L_0x55bf178017d0, L_0x55bf17805e40, L_0x55bf17801650, C4<>;
S_0x55bf177f5870 .scope module, "mux_op1_a" "mux2_4" 3 20, 8 1 0, S_0x55bf177ee490;
 .timescale -9 -11;
    .port_info 0 /OUTPUT 4 "Out";
    .port_info 1 /INPUT 4 "A";
    .port_info 2 /INPUT 4 "B";
    .port_info 3 /INPUT 1 "s";
L_0x7f2a321d6258 .functor BUFT 1, C4<0>, C4<0>, C4<0>, C4<0>;
L_0x55bf17800d60 .functor XNOR 1, L_0x55bf177ff5a0, L_0x7f2a321d6258, C4<0>, C4<0>;
L_0x7f2a321d62a0 .functor BUFT 1, C4<1>, C4<0>, C4<0>, C4<0>;
L_0x55bf17800dd0 .functor XNOR 1, L_0x55bf177ff5a0, L_0x7f2a321d62a0, C4<0>, C4<0>;
v0x55bf177f5ac0_0 .net "A", 3 0, L_0x55bf17800af0;  alias, 1 drivers
v0x55bf177f5ba0_0 .net "B", 3 0, v0x55bf177feae0_0;  alias, 1 drivers
v0x55bf177f5c60_0 .net "Out", 3 0, L_0x55bf178010a0;  alias, 1 drivers
v0x55bf177f5d60_0 .net/2u *"_ivl_0", 0 0, L_0x7f2a321d6258;  1 drivers
v0x55bf177f5e20_0 .net *"_ivl_10", 3 0, L_0x55bf17800ed0;  1 drivers
v0x55bf177f5f50_0 .net *"_ivl_2", 0 0, L_0x55bf17800d60;  1 drivers
v0x55bf177f6010_0 .net/2u *"_ivl_4", 0 0, L_0x7f2a321d62a0;  1 drivers
v0x55bf177f60f0_0 .net *"_ivl_6", 0 0, L_0x55bf17800dd0;  1 drivers
L_0x7f2a321d62e8 .functor BUFT 1, C4<xxxx>, C4<0>, C4<0>, C4<0>;
v0x55bf177f61b0_0 .net *"_ivl_8", 3 0, L_0x7f2a321d62e8;  1 drivers
v0x55bf177f6320_0 .net "s", 0 0, L_0x55bf177ff5a0;  alias, 1 drivers
L_0x55bf17800ed0 .functor MUXZ 4, L_0x7f2a321d62e8, v0x55bf177feae0_0, L_0x55bf17800dd0, C4<>;
L_0x55bf178010a0 .functor MUXZ 4, L_0x55bf17800ed0, L_0x55bf17800af0, L_0x55bf17800d60, C4<>;
S_0x55bf177f6460 .scope module, "mux_op2_b" "mux2_4" 3 21, 8 1 0, S_0x55bf177ee490;
 .timescale -9 -11;
    .port_info 0 /OUTPUT 4 "Out";
    .port_info 1 /INPUT 4 "A";
    .port_info 2 /INPUT 4 "B";
    .port_info 3 /INPUT 1 "s";
L_0x7f2a321d6330 .functor BUFT 1, C4<0>, C4<0>, C4<0>, C4<0>;
L_0x55bf17801260 .functor XNOR 1, L_0x55bf177ffa20, L_0x7f2a321d6330, C4<0>, C4<0>;
L_0x7f2a321d6378 .functor BUFT 1, C4<1>, C4<0>, C4<0>, C4<0>;
L_0x55bf178012d0 .functor XNOR 1, L_0x55bf177ffa20, L_0x7f2a321d6378, C4<0>, C4<0>;
v0x55bf177f6660_0 .net "A", 3 0, v0x55bf177feae0_0;  alias, 1 drivers
v0x55bf177f6770_0 .net "B", 3 0, v0x55bf177feba0_0;  alias, 1 drivers
v0x55bf177f6830_0 .net "Out", 3 0, L_0x55bf17801510;  alias, 1 drivers
v0x55bf177f6930_0 .net/2u *"_ivl_0", 0 0, L_0x7f2a321d6330;  1 drivers
v0x55bf177f69f0_0 .net *"_ivl_10", 3 0, L_0x55bf178013d0;  1 drivers
v0x55bf177f6b20_0 .net *"_ivl_2", 0 0, L_0x55bf17801260;  1 drivers
v0x55bf177f6be0_0 .net/2u *"_ivl_4", 0 0, L_0x7f2a321d6378;  1 drivers
v0x55bf177f6cc0_0 .net *"_ivl_6", 0 0, L_0x55bf178012d0;  1 drivers
L_0x7f2a321d63c0 .functor BUFT 1, C4<xxxx>, C4<0>, C4<0>, C4<0>;
v0x55bf177f6d80_0 .net *"_ivl_8", 3 0, L_0x7f2a321d63c0;  1 drivers
v0x55bf177f6ef0_0 .net "s", 0 0, L_0x55bf177ffa20;  alias, 1 drivers
L_0x55bf178013d0 .functor MUXZ 4, L_0x7f2a321d63c0, v0x55bf177feba0_0, L_0x55bf178012d0, C4<>;
L_0x55bf17801510 .functor MUXZ 4, L_0x55bf178013d0, v0x55bf177feae0_0, L_0x55bf17801260, C4<>;
S_0x55bf177f7030 .scope module, "sum5" "sum4" 3 28, 9 1 0, S_0x55bf177ee490;
 .timescale -9 -11;
    .port_info 0 /OUTPUT 4 "S";
    .port_info 1 /OUTPUT 1 "c_out";
    .port_info 2 /INPUT 4 "A";
    .port_info 3 /INPUT 4 "B";
    .port_info 4 /INPUT 1 "c_in";
v0x55bf177fbe70_0 .net "A", 3 0, L_0x55bf178010a0;  alias, 1 drivers
v0x55bf177fbf50_0 .net "B", 3 0, L_0x55bf17802220;  alias, 1 drivers
v0x55bf177fc060_0 .net "S", 3 0, L_0x55bf17805e40;  alias, 1 drivers
v0x55bf177fc100_0 .net "c", 2 0, L_0x55bf17804b50;  1 drivers
v0x55bf177fc1c0_0 .net "c_in", 0 0, v0x55bf177feed0_0;  alias, 1 drivers
v0x55bf177fc2b0_0 .net "c_out", 0 0, L_0x55bf178054a0;  alias, 1 drivers
L_0x55bf17802ef0 .part L_0x55bf178010a0, 0, 1;
L_0x55bf17802fe0 .part L_0x55bf17802220, 0, 1;
L_0x55bf17803c60 .part L_0x55bf178010a0, 1, 1;
L_0x55bf17803d50 .part L_0x55bf17802220, 1, 1;
L_0x55bf17803e70 .part L_0x55bf17804b50, 0, 1;
L_0x55bf17804b50 .concat8 [ 1 1 1 0], L_0x55bf178027f0, L_0x55bf178034e0, L_0x55bf178043d0;
L_0x55bf17804d70 .part L_0x55bf178010a0, 2, 1;
L_0x55bf17804e60 .part L_0x55bf17802220, 2, 1;
L_0x55bf17804fa0 .part L_0x55bf17804b50, 1, 1;
L_0x55bf17805e40 .concat8 [ 1 1 1 1], L_0x55bf178029e0, L_0x55bf178036d0, L_0x55bf178045c0, L_0x55bf17805690;
L_0x55bf178060c0 .part L_0x55bf178010a0, 3, 1;
L_0x55bf17806160 .part L_0x55bf17802220, 3, 1;
L_0x55bf178063d0 .part L_0x55bf17804b50, 2, 1;
S_0x55bf177f7240 .scope module, "Fo" "fa" 9 5, 10 1 0, S_0x55bf177f7030;
 .timescale -9 -11;
    .port_info 0 /OUTPUT 1 "c_out";
    .port_info 1 /OUTPUT 1 "sum";
    .port_info 2 /INPUT 1 "a";
    .port_info 3 /INPUT 1 "b";
    .port_info 4 /INPUT 1 "c_in";
L_0x55bf178027f0 .functor OR 1, L_0x55bf17802900, L_0x55bf178023e0, C4<0>, C4<0>;
L_0x7f2a321d6570 .functor BUFT 1, C4<0>, C4<0>, C4<0>, C4<0>;
v0x55bf177f74f0_0 .net *"_ivl_10", 0 0, L_0x7f2a321d6570;  1 drivers
v0x55bf177f75f0_0 .net *"_ivl_11", 1 0, L_0x55bf17802750;  1 drivers
v0x55bf177f76d0_0 .net *"_ivl_16", 1 0, L_0x55bf17802ad0;  1 drivers
L_0x7f2a321d65b8 .functor BUFT 1, C4<0>, C4<0>, C4<0>, C4<0>;
v0x55bf177f77c0_0 .net *"_ivl_19", 0 0, L_0x7f2a321d65b8;  1 drivers
v0x55bf177f78a0_0 .net *"_ivl_20", 1 0, L_0x55bf17802bc0;  1 drivers
L_0x7f2a321d6600 .functor BUFT 1, C4<0>, C4<0>, C4<0>, C4<0>;
v0x55bf177f79d0_0 .net *"_ivl_23", 0 0, L_0x7f2a321d6600;  1 drivers
v0x55bf177f7ab0_0 .net *"_ivl_24", 1 0, L_0x55bf17802d00;  1 drivers
v0x55bf177f7b90_0 .net *"_ivl_3", 1 0, L_0x55bf17802570;  1 drivers
L_0x7f2a321d6528 .functor BUFT 1, C4<0>, C4<0>, C4<0>, C4<0>;
v0x55bf177f7c70_0 .net *"_ivl_6", 0 0, L_0x7f2a321d6528;  1 drivers
v0x55bf177f7de0_0 .net *"_ivl_7", 1 0, L_0x55bf17802660;  1 drivers
v0x55bf177f7ec0_0 .net "a", 0 0, L_0x55bf17802ef0;  1 drivers
v0x55bf177f7f80_0 .net "b", 0 0, L_0x55bf17802fe0;  1 drivers
v0x55bf177f8040_0 .net "c1", 0 0, L_0x55bf178023e0;  1 drivers
v0x55bf177f8100_0 .net "c2", 0 0, L_0x55bf17802900;  1 drivers
v0x55bf177f81c0_0 .net "c_in", 0 0, v0x55bf177feed0_0;  alias, 1 drivers
v0x55bf177f8280_0 .net "c_out", 0 0, L_0x55bf178027f0;  1 drivers
v0x55bf177f8340_0 .net "sum", 0 0, L_0x55bf178029e0;  1 drivers
v0x55bf177f8400_0 .net "sum1", 0 0, L_0x55bf17802480;  1 drivers
L_0x55bf178023e0 .part L_0x55bf17802750, 1, 1;
L_0x55bf17802480 .part L_0x55bf17802750, 0, 1;
L_0x55bf17802570 .concat [ 1 1 0 0], L_0x55bf17802ef0, L_0x7f2a321d6528;
L_0x55bf17802660 .concat [ 1 1 0 0], L_0x55bf17802fe0, L_0x7f2a321d6570;
L_0x55bf17802750 .arith/sum 2, L_0x55bf17802570, L_0x55bf17802660;
L_0x55bf17802900 .part L_0x55bf17802d00, 1, 1;
L_0x55bf178029e0 .part L_0x55bf17802d00, 0, 1;
L_0x55bf17802ad0 .concat [ 1 1 0 0], v0x55bf177feed0_0, L_0x7f2a321d65b8;
L_0x55bf17802bc0 .concat [ 1 1 0 0], L_0x55bf17802480, L_0x7f2a321d6600;
L_0x55bf17802d00 .arith/sum 2, L_0x55bf17802ad0, L_0x55bf17802bc0;
S_0x55bf177f8560 .scope module, "Folun" "fa" 9 6, 10 1 0, S_0x55bf177f7030;
 .timescale -9 -11;
    .port_info 0 /OUTPUT 1 "c_out";
    .port_info 1 /OUTPUT 1 "sum";
    .port_info 2 /INPUT 1 "a";
    .port_info 3 /INPUT 1 "b";
    .port_info 4 /INPUT 1 "c_in";
L_0x55bf178034e0 .functor OR 1, L_0x55bf178035f0, L_0x55bf178030d0, C4<0>, C4<0>;
L_0x7f2a321d6690 .functor BUFT 1, C4<0>, C4<0>, C4<0>, C4<0>;
v0x55bf177f8790_0 .net *"_ivl_10", 0 0, L_0x7f2a321d6690;  1 drivers
v0x55bf177f8870_0 .net *"_ivl_11", 1 0, L_0x55bf17803440;  1 drivers
v0x55bf177f8950_0 .net *"_ivl_16", 1 0, L_0x55bf178037c0;  1 drivers
L_0x7f2a321d66d8 .functor BUFT 1, C4<0>, C4<0>, C4<0>, C4<0>;
v0x55bf177f8a40_0 .net *"_ivl_19", 0 0, L_0x7f2a321d66d8;  1 drivers
v0x55bf177f8b20_0 .net *"_ivl_20", 1 0, L_0x55bf17803930;  1 drivers
L_0x7f2a321d6720 .functor BUFT 1, C4<0>, C4<0>, C4<0>, C4<0>;
v0x55bf177f8c50_0 .net *"_ivl_23", 0 0, L_0x7f2a321d6720;  1 drivers
v0x55bf177f8d30_0 .net *"_ivl_24", 1 0, L_0x55bf17803a70;  1 drivers
v0x55bf177f8e10_0 .net *"_ivl_3", 1 0, L_0x55bf17803260;  1 drivers
L_0x7f2a321d6648 .functor BUFT 1, C4<0>, C4<0>, C4<0>, C4<0>;
v0x55bf177f8ef0_0 .net *"_ivl_6", 0 0, L_0x7f2a321d6648;  1 drivers
v0x55bf177f8fd0_0 .net *"_ivl_7", 1 0, L_0x55bf17803350;  1 drivers
v0x55bf177f90b0_0 .net "a", 0 0, L_0x55bf17803c60;  1 drivers
v0x55bf177f9170_0 .net "b", 0 0, L_0x55bf17803d50;  1 drivers
v0x55bf177f9230_0 .net "c1", 0 0, L_0x55bf178030d0;  1 drivers
v0x55bf177f92f0_0 .net "c2", 0 0, L_0x55bf178035f0;  1 drivers
v0x55bf177f93b0_0 .net "c_in", 0 0, L_0x55bf17803e70;  1 drivers
v0x55bf177f9470_0 .net "c_out", 0 0, L_0x55bf178034e0;  1 drivers
v0x55bf177f9530_0 .net "sum", 0 0, L_0x55bf178036d0;  1 drivers
v0x55bf177f9700_0 .net "sum1", 0 0, L_0x55bf17803170;  1 drivers
L_0x55bf178030d0 .part L_0x55bf17803440, 1, 1;
L_0x55bf17803170 .part L_0x55bf17803440, 0, 1;
L_0x55bf17803260 .concat [ 1 1 0 0], L_0x55bf17803c60, L_0x7f2a321d6648;
L_0x55bf17803350 .concat [ 1 1 0 0], L_0x55bf17803d50, L_0x7f2a321d6690;
L_0x55bf17803440 .arith/sum 2, L_0x55bf17803260, L_0x55bf17803350;
L_0x55bf178035f0 .part L_0x55bf17803a70, 1, 1;
L_0x55bf178036d0 .part L_0x55bf17803a70, 0, 1;
L_0x55bf178037c0 .concat [ 1 1 0 0], L_0x55bf17803e70, L_0x7f2a321d66d8;
L_0x55bf17803930 .concat [ 1 1 0 0], L_0x55bf17803170, L_0x7f2a321d6720;
L_0x55bf17803a70 .arith/sum 2, L_0x55bf178037c0, L_0x55bf17803930;
S_0x55bf177f9860 .scope module, "Foluncu" "fa" 9 7, 10 1 0, S_0x55bf177f7030;
 .timescale -9 -11;
    .port_info 0 /OUTPUT 1 "c_out";
    .port_info 1 /OUTPUT 1 "sum";
    .port_info 2 /INPUT 1 "a";
    .port_info 3 /INPUT 1 "b";
    .port_info 4 /INPUT 1 "c_in";
L_0x55bf178043d0 .functor OR 1, L_0x55bf178044e0, L_0x55bf17803f60, C4<0>, C4<0>;
L_0x7f2a321d67b0 .functor BUFT 1, C4<0>, C4<0>, C4<0>, C4<0>;
v0x55bf177f9aa0_0 .net *"_ivl_10", 0 0, L_0x7f2a321d67b0;  1 drivers
v0x55bf177f9b80_0 .net *"_ivl_11", 1 0, L_0x55bf17804330;  1 drivers
v0x55bf177f9c60_0 .net *"_ivl_16", 1 0, L_0x55bf178046b0;  1 drivers
L_0x7f2a321d67f8 .functor BUFT 1, C4<0>, C4<0>, C4<0>, C4<0>;
v0x55bf177f9d50_0 .net *"_ivl_19", 0 0, L_0x7f2a321d67f8;  1 drivers
v0x55bf177f9e30_0 .net *"_ivl_20", 1 0, L_0x55bf17804820;  1 drivers
L_0x7f2a321d6840 .functor BUFT 1, C4<0>, C4<0>, C4<0>, C4<0>;
v0x55bf177f9f60_0 .net *"_ivl_23", 0 0, L_0x7f2a321d6840;  1 drivers
v0x55bf177fa040_0 .net *"_ivl_24", 1 0, L_0x55bf17804960;  1 drivers
v0x55bf177fa120_0 .net *"_ivl_3", 1 0, L_0x55bf178040f0;  1 drivers
L_0x7f2a321d6768 .functor BUFT 1, C4<0>, C4<0>, C4<0>, C4<0>;
v0x55bf177fa200_0 .net *"_ivl_6", 0 0, L_0x7f2a321d6768;  1 drivers
v0x55bf177fa2e0_0 .net *"_ivl_7", 1 0, L_0x55bf178041e0;  1 drivers
v0x55bf177fa3c0_0 .net "a", 0 0, L_0x55bf17804d70;  1 drivers
v0x55bf177fa480_0 .net "b", 0 0, L_0x55bf17804e60;  1 drivers
v0x55bf177fa540_0 .net "c1", 0 0, L_0x55bf17803f60;  1 drivers
v0x55bf177fa600_0 .net "c2", 0 0, L_0x55bf178044e0;  1 drivers
v0x55bf177fa6c0_0 .net "c_in", 0 0, L_0x55bf17804fa0;  1 drivers
v0x55bf177fa780_0 .net "c_out", 0 0, L_0x55bf178043d0;  1 drivers
v0x55bf177fa840_0 .net "sum", 0 0, L_0x55bf178045c0;  1 drivers
v0x55bf177faa10_0 .net "sum1", 0 0, L_0x55bf17804000;  1 drivers
L_0x55bf17803f60 .part L_0x55bf17804330, 1, 1;
L_0x55bf17804000 .part L_0x55bf17804330, 0, 1;
L_0x55bf178040f0 .concat [ 1 1 0 0], L_0x55bf17804d70, L_0x7f2a321d6768;
L_0x55bf178041e0 .concat [ 1 1 0 0], L_0x55bf17804e60, L_0x7f2a321d67b0;
L_0x55bf17804330 .arith/sum 2, L_0x55bf178040f0, L_0x55bf178041e0;
L_0x55bf178044e0 .part L_0x55bf17804960, 1, 1;
L_0x55bf178045c0 .part L_0x55bf17804960, 0, 1;
L_0x55bf178046b0 .concat [ 1 1 0 0], L_0x55bf17804fa0, L_0x7f2a321d67f8;
L_0x55bf17804820 .concat [ 1 1 0 0], L_0x55bf17804000, L_0x7f2a321d6840;
L_0x55bf17804960 .arith/sum 2, L_0x55bf178046b0, L_0x55bf17804820;
S_0x55bf177fab70 .scope module, "Folunculo" "fa" 9 8, 10 1 0, S_0x55bf177f7030;
 .timescale -9 -11;
    .port_info 0 /OUTPUT 1 "c_out";
    .port_info 1 /OUTPUT 1 "sum";
    .port_info 2 /INPUT 1 "a";
    .port_info 3 /INPUT 1 "b";
    .port_info 4 /INPUT 1 "c_in";
L_0x55bf178054a0 .functor OR 1, L_0x55bf178055b0, L_0x55bf17805090, C4<0>, C4<0>;
L_0x7f2a321d68d0 .functor BUFT 1, C4<0>, C4<0>, C4<0>, C4<0>;
v0x55bf177fad80_0 .net *"_ivl_10", 0 0, L_0x7f2a321d68d0;  1 drivers
v0x55bf177fae80_0 .net *"_ivl_11", 1 0, L_0x55bf17805400;  1 drivers
v0x55bf177faf60_0 .net *"_ivl_16", 1 0, L_0x55bf17805780;  1 drivers
L_0x7f2a321d6918 .functor BUFT 1, C4<0>, C4<0>, C4<0>, C4<0>;
v0x55bf177fb050_0 .net *"_ivl_19", 0 0, L_0x7f2a321d6918;  1 drivers
v0x55bf177fb130_0 .net *"_ivl_20", 1 0, L_0x55bf17805ad0;  1 drivers
L_0x7f2a321d6960 .functor BUFT 1, C4<0>, C4<0>, C4<0>, C4<0>;
v0x55bf177fb260_0 .net *"_ivl_23", 0 0, L_0x7f2a321d6960;  1 drivers
v0x55bf177fb340_0 .net *"_ivl_24", 1 0, L_0x55bf17805c10;  1 drivers
v0x55bf177fb420_0 .net *"_ivl_3", 1 0, L_0x55bf17805220;  1 drivers
L_0x7f2a321d6888 .functor BUFT 1, C4<0>, C4<0>, C4<0>, C4<0>;
v0x55bf177fb500_0 .net *"_ivl_6", 0 0, L_0x7f2a321d6888;  1 drivers
v0x55bf177fb5e0_0 .net *"_ivl_7", 1 0, L_0x55bf17805310;  1 drivers
v0x55bf177fb6c0_0 .net "a", 0 0, L_0x55bf178060c0;  1 drivers
v0x55bf177fb780_0 .net "b", 0 0, L_0x55bf17806160;  1 drivers
v0x55bf177fb840_0 .net "c1", 0 0, L_0x55bf17805090;  1 drivers
v0x55bf177fb900_0 .net "c2", 0 0, L_0x55bf178055b0;  1 drivers
v0x55bf177fb9c0_0 .net "c_in", 0 0, L_0x55bf178063d0;  1 drivers
v0x55bf177fba80_0 .net "c_out", 0 0, L_0x55bf178054a0;  alias, 1 drivers
v0x55bf177fbb40_0 .net "sum", 0 0, L_0x55bf17805690;  1 drivers
v0x55bf177fbd10_0 .net "sum1", 0 0, L_0x55bf17805130;  1 drivers
L_0x55bf17805090 .part L_0x55bf17805400, 1, 1;
L_0x55bf17805130 .part L_0x55bf17805400, 0, 1;
L_0x55bf17805220 .concat [ 1 1 0 0], L_0x55bf178060c0, L_0x7f2a321d6888;
L_0x55bf17805310 .concat [ 1 1 0 0], L_0x55bf17806160, L_0x7f2a321d68d0;
L_0x55bf17805400 .arith/sum 2, L_0x55bf17805220, L_0x55bf17805310;
L_0x55bf178055b0 .part L_0x55bf17805c10, 1, 1;
L_0x55bf17805690 .part L_0x55bf17805c10, 0, 1;
L_0x55bf17805780 .concat [ 1 1 0 0], L_0x55bf178063d0, L_0x7f2a321d6918;
L_0x55bf17805ad0 .concat [ 1 1 0 0], L_0x55bf17805130, L_0x7f2a321d6960;
L_0x55bf17805c10 .arith/sum 2, L_0x55bf17805780, L_0x55bf17805ad0;
    .scope S_0x55bf177eeba0;
T_1 ;
    %wait E_0x55bf1778a9b0;
    %load/vec4 v0x55bf177eee90_0;
    %dup/vec4;
    %pushi/vec4 0, 0, 2;
    %cmp/u;
    %jmp/1 T_1.0, 6;
    %dup/vec4;
    %pushi/vec4 1, 0, 2;
    %cmp/u;
    %jmp/1 T_1.1, 6;
    %dup/vec4;
    %pushi/vec4 2, 0, 2;
    %cmp/u;
    %jmp/1 T_1.2, 6;
    %dup/vec4;
    %pushi/vec4 3, 0, 2;
    %cmp/u;
    %jmp/1 T_1.3, 6;
    %pushi/vec4 1, 1, 1;
    %store/vec4 v0x55bf177ef2c0_0, 0, 1;
    %jmp T_1.5;
T_1.0 ;
    %load/vec4 v0x55bf177eef90_0;
    %store/vec4 v0x55bf177ef2c0_0, 0, 1;
    %jmp T_1.5;
T_1.1 ;
    %load/vec4 v0x55bf177ef050_0;
    %store/vec4 v0x55bf177ef2c0_0, 0, 1;
    %jmp T_1.5;
T_1.2 ;
    %load/vec4 v0x55bf177ef0f0_0;
    %store/vec4 v0x55bf177ef2c0_0, 0, 1;
    %jmp T_1.5;
T_1.3 ;
    %load/vec4 v0x55bf177ef1b0_0;
    %store/vec4 v0x55bf177ef2c0_0, 0, 1;
    %jmp T_1.5;
T_1.5 ;
    %pop/vec4 1;
    %jmp T_1;
    .thread T_1, $push;
    .scope S_0x55bf177efca0;
T_2 ;
    %wait E_0x55bf177d6c20;
    %load/vec4 v0x55bf177eff70_0;
    %dup/vec4;
    %pushi/vec4 0, 0, 2;
    %cmp/u;
    %jmp/1 T_2.0, 6;
    %dup/vec4;
    %pushi/vec4 1, 0, 2;
    %cmp/u;
    %jmp/1 T_2.1, 6;
    %dup/vec4;
    %pushi/vec4 2, 0, 2;
    %cmp/u;
    %jmp/1 T_2.2, 6;
    %dup/vec4;
    %pushi/vec4 3, 0, 2;
    %cmp/u;
    %jmp/1 T_2.3, 6;
    %pushi/vec4 1, 1, 1;
    %store/vec4 v0x55bf177f03d0_0, 0, 1;
    %jmp T_2.5;
T_2.0 ;
    %load/vec4 v0x55bf177f00a0_0;
    %store/vec4 v0x55bf177f03d0_0, 0, 1;
    %jmp T_2.5;
T_2.1 ;
    %load/vec4 v0x55bf177f0160_0;
    %store/vec4 v0x55bf177f03d0_0, 0, 1;
    %jmp T_2.5;
T_2.2 ;
    %load/vec4 v0x55bf177f0200_0;
    %store/vec4 v0x55bf177f03d0_0, 0, 1;
    %jmp T_2.5;
T_2.3 ;
    %load/vec4 v0x55bf177f02c0_0;
    %store/vec4 v0x55bf177f03d0_0, 0, 1;
    %jmp T_2.5;
T_2.5 ;
    %pop/vec4 1;
    %jmp T_2;
    .thread T_2, $push;
    .scope S_0x55bf177f0e00;
T_3 ;
    %wait E_0x55bf177d6d40;
    %load/vec4 v0x55bf177f10b0_0;
    %dup/vec4;
    %pushi/vec4 0, 0, 2;
    %cmp/u;
    %jmp/1 T_3.0, 6;
    %dup/vec4;
    %pushi/vec4 1, 0, 2;
    %cmp/u;
    %jmp/1 T_3.1, 6;
    %dup/vec4;
    %pushi/vec4 2, 0, 2;
    %cmp/u;
    %jmp/1 T_3.2, 6;
    %dup/vec4;
    %pushi/vec4 3, 0, 2;
    %cmp/u;
    %jmp/1 T_3.3, 6;
    %pushi/vec4 1, 1, 1;
    %store/vec4 v0x55bf177f14a0_0, 0, 1;
    %jmp T_3.5;
T_3.0 ;
    %load/vec4 v0x55bf177f1190_0;
    %store/vec4 v0x55bf177f14a0_0, 0, 1;
    %jmp T_3.5;
T_3.1 ;
    %load/vec4 v0x55bf177f1250_0;
    %store/vec4 v0x55bf177f14a0_0, 0, 1;
    %jmp T_3.5;
T_3.2 ;
    %load/vec4 v0x55bf177f1320_0;
    %store/vec4 v0x55bf177f14a0_0, 0, 1;
    %jmp T_3.5;
T_3.3 ;
    %load/vec4 v0x55bf177f13e0_0;
    %store/vec4 v0x55bf177f14a0_0, 0, 1;
    %jmp T_3.5;
T_3.5 ;
    %pop/vec4 1;
    %jmp T_3;
    .thread T_3, $push;
    .scope S_0x55bf177f1ee0;
T_4 ;
    %wait E_0x55bf177f2160;
    %load/vec4 v0x55bf177f21f0_0;
    %dup/vec4;
    %pushi/vec4 0, 0, 2;
    %cmp/u;
    %jmp/1 T_4.0, 6;
    %dup/vec4;
    %pushi/vec4 1, 0, 2;
    %cmp/u;
    %jmp/1 T_4.1, 6;
    %dup/vec4;
    %pushi/vec4 2, 0, 2;
    %cmp/u;
    %jmp/1 T_4.2, 6;
    %dup/vec4;
    %pushi/vec4 3, 0, 2;
    %cmp/u;
    %jmp/1 T_4.3, 6;
    %pushi/vec4 1, 1, 1;
    %store/vec4 v0x55bf177f2630_0, 0, 1;
    %jmp T_4.5;
T_4.0 ;
    %load/vec4 v0x55bf177f22d0_0;
    %store/vec4 v0x55bf177f2630_0, 0, 1;
    %jmp T_4.5;
T_4.1 ;
    %load/vec4 v0x55bf177f2390_0;
    %store/vec4 v0x55bf177f2630_0, 0, 1;
    %jmp T_4.5;
T_4.2 ;
    %load/vec4 v0x55bf177f2460_0;
    %store/vec4 v0x55bf177f2630_0, 0, 1;
    %jmp T_4.5;
T_4.3 ;
    %load/vec4 v0x55bf177f2520_0;
    %store/vec4 v0x55bf177f2630_0, 0, 1;
    %jmp T_4.5;
T_4.5 ;
    %pop/vec4 1;
    %jmp T_4;
    .thread T_4, $push;
    .scope S_0x55bf177c4e60;
T_5 ;
    %vpi_call 2 21 "$dumpfile", "alu.vcd" {0 0 0};
    %vpi_call 2 22 "$dumpvars" {0 0 0};
    %pushi/vec4 0, 0, 32;
    %store/vec4 v0x55bf177fea00_0, 0, 32;
    %pushi/vec4 0, 0, 1;
    %store/vec4 v0x55bf177fef70_0, 0, 1;
    %pushi/vec4 2, 0, 32;
T_5.0 %dup/vec4;
    %pushi/vec4 0, 0, 32;
    %cmp/s;
    %jmp/1xz T_5.1, 5;
    %jmp/1 T_5.1, 4;
    %pushi/vec4 1, 0, 32;
    %sub;
    %pushi/vec4 0, 0, 2;
    %store/vec4 v0x55bf177fecb0_0, 0, 2;
    %pushi/vec4 4, 0, 32;
T_5.2 %dup/vec4;
    %pushi/vec4 0, 0, 32;
    %cmp/s;
    %jmp/1xz T_5.3, 5;
    %jmp/1 T_5.3, 4;
    %pushi/vec4 1, 0, 32;
    %sub;
    %pushi/vec4 0, 0, 1;
    %store/vec4 v0x55bf177feed0_0, 0, 1;
    %pushi/vec4 2, 0, 32;
T_5.4 %dup/vec4;
    %pushi/vec4 0, 0, 32;
    %cmp/s;
    %jmp/1xz T_5.5, 5;
    %jmp/1 T_5.5, 4;
    %pushi/vec4 1, 0, 32;
    %sub;
    %pushi/vec4 0, 0, 4;
    %store/vec4 v0x55bf177feae0_0, 0, 4;
    %pushi/vec4 16, 0, 32;
T_5.6 %dup/vec4;
    %pushi/vec4 0, 0, 32;
    %cmp/s;
    %jmp/1xz T_5.7, 5;
    %jmp/1 T_5.7, 4;
    %pushi/vec4 1, 0, 32;
    %sub;
    %pushi/vec4 0, 0, 4;
    %store/vec4 v0x55bf177feba0_0, 0, 4;
    %pushi/vec4 16, 0, 32;
T_5.8 %dup/vec4;
    %pushi/vec4 0, 0, 32;
    %cmp/s;
    %jmp/1xz T_5.9, 5;
    %jmp/1 T_5.9, 4;
    %pushi/vec4 1, 0, 32;
    %sub;
    %delay 1, 0;
    %fork TD_alu_tb.check, S_0x55bf177b6200;
    %join;
    %delay 999, 0;
    %load/vec4 v0x55bf177feba0_0;
    %addi 1, 0, 4;
    %store/vec4 v0x55bf177feba0_0, 0, 4;
    %jmp T_5.8;
T_5.9 ;
    %pop/vec4 1;
    %load/vec4 v0x55bf177feae0_0;
    %addi 1, 0, 4;
    %store/vec4 v0x55bf177feae0_0, 0, 4;
    %jmp T_5.6;
T_5.7 ;
    %pop/vec4 1;
    %load/vec4 v0x55bf177feed0_0;
    %pad/u 2;
    %addi 1, 0, 2;
    %pad/u 1;
    %store/vec4 v0x55bf177feed0_0, 0, 1;
    %jmp T_5.4;
T_5.5 ;
    %pop/vec4 1;
    %load/vec4 v0x55bf177fecb0_0;
    %addi 1, 0, 2;
    %store/vec4 v0x55bf177fecb0_0, 0, 2;
    %jmp T_5.2;
T_5.3 ;
    %pop/vec4 1;
    %load/vec4 v0x55bf177fef70_0;
    %pad/u 2;
    %addi 1, 0, 2;
    %pad/u 1;
    %store/vec4 v0x55bf177fef70_0, 0, 1;
    %jmp T_5.0;
T_5.1 ;
    %pop/vec4 1;
    %vpi_call 2 52 "$display", "Encontradas %d operaciones erroneas", v0x55bf177fea00_0 {0 0 0};
    %vpi_call 2 54 "$finish" {0 0 0};
    %end;
    .thread T_5;
# The file index is used to find the file name in the following table.
:file_names 11;
    "N/A";
    "<interactive>";
    "alu_tb.v";
    "alu.v";
    "ul4.v";
    "cl.v";
    "mux4_1.v";
    "compl1.v";
    "mux2_4.v";
    "sum4.v";
    "fa.v";
