#! /opt/iverilog/bin/vvp
:ivl_version "11.0 (stable)" "(v11_0-132-gb2f2414f4)";
:ivl_delay_selection "TYPICAL";
:vpi_time_precision - 11;
:vpi_module "/opt/iverilog/lib/ivl/system.vpi";
:vpi_module "/opt/iverilog/lib/ivl/vhdl_sys.vpi";
:vpi_module "/opt/iverilog/lib/ivl/vhdl_textio.vpi";
:vpi_module "/opt/iverilog/lib/ivl/v2005_math.vpi";
:vpi_module "/opt/iverilog/lib/ivl/va_math.vpi";
S_0x558d2f0933f0 .scope module, "cl_tb" "cl_tb" 2 3;
 .timescale -9 -11;
v0x558d2f0af260_0 .var "S", 1 0;
v0x558d2f0af370_0 .var "a", 0 0;
v0x558d2f0af430_0 .var "b", 0 0;
v0x558d2f0af4d0_0 .var/i "i", 31 0;
v0x558d2f0af570_0 .net "out", 0 0, v0x558d2f0aea60_0;  1 drivers
S_0x558d2f093580 .scope module, "cl1" "cl" 2 12, 3 1 0, S_0x558d2f0933f0;
 .timescale 0 0;
    .port_info 0 /OUTPUT 1 "out";
    .port_info 1 /INPUT 1 "a";
    .port_info 2 /INPUT 1 "b";
    .port_info 3 /INPUT 2 "S";
RS_0x7f0caadc2258 .resolv tri, L_0x558d2f0afab0, v0x558d2f0af370_0;
L_0x558d2f0af6b0 .functor AND 1, RS_0x7f0caadc2258, v0x558d2f0af430_0, C4<1>, C4<1>;
L_0x558d2f0af7e0 .functor OR 1, RS_0x7f0caadc2258, v0x558d2f0af430_0, C4<0>, C4<0>;
L_0x558d2f0af910 .functor XOR 1, RS_0x7f0caadc2258, v0x558d2f0af430_0, C4<0>, C4<0>;
L_0x558d2f0af9f0 .functor NOT 1, v0x558d2f0af430_0, C4<0>, C4<0>, C4<0>;
L_0x558d2f0afab0 .functor NOT 1, v0x558d2f0af430_0, C4<0>, C4<0>, C4<0>;
v0x558d2f0aebe0_0 .net "S", 1 0, v0x558d2f0af260_0;  1 drivers
v0x558d2f0aecc0_0 .net8 "a", 0 0, RS_0x7f0caadc2258;  2 drivers
v0x558d2f0aed60_0 .net "b", 0 0, v0x558d2f0af430_0;  1 drivers
v0x558d2f0aee00_0 .net "cand", 0 0, L_0x558d2f0af6b0;  1 drivers
v0x558d2f0aeed0_0 .net "cnot", 0 0, L_0x558d2f0af9f0;  1 drivers
v0x558d2f0aefc0_0 .net "cor", 0 0, L_0x558d2f0af7e0;  1 drivers
v0x558d2f0af090_0 .net "cxor", 0 0, L_0x558d2f0af910;  1 drivers
v0x558d2f0af160_0 .net "out", 0 0, v0x558d2f0aea60_0;  alias, 1 drivers
S_0x558d2f098540 .scope module, "mux" "mux4_1" 3 10, 4 1 0, S_0x558d2f093580;
 .timescale -9 -11;
    .port_info 0 /OUTPUT 1 "out";
    .port_info 1 /INPUT 1 "a";
    .port_info 2 /INPUT 1 "b";
    .port_info 3 /INPUT 1 "c";
    .port_info 4 /INPUT 1 "d";
    .port_info 5 /INPUT 2 "S";
v0x558d2f0987f0_0 .net "S", 1 0, v0x558d2f0af260_0;  alias, 1 drivers
v0x558d2f0ae730_0 .net "a", 0 0, L_0x558d2f0af6b0;  alias, 1 drivers
v0x558d2f0ae7f0_0 .net "b", 0 0, L_0x558d2f0af7e0;  alias, 1 drivers
v0x558d2f0ae890_0 .net "c", 0 0, L_0x558d2f0af910;  alias, 1 drivers
v0x558d2f0ae950_0 .net "d", 0 0, L_0x558d2f0af9f0;  alias, 1 drivers
v0x558d2f0aea60_0 .var "out", 0 0;
E_0x558d2f092050/0 .event edge, v0x558d2f0987f0_0, v0x558d2f0ae950_0, v0x558d2f0ae890_0, v0x558d2f0ae7f0_0;
E_0x558d2f092050/1 .event edge, v0x558d2f0ae730_0;
E_0x558d2f092050 .event/or E_0x558d2f092050/0, E_0x558d2f092050/1;
    .scope S_0x558d2f098540;
T_0 ;
    %wait E_0x558d2f092050;
    %load/vec4 v0x558d2f0987f0_0;
    %dup/vec4;
    %pushi/vec4 0, 0, 2;
    %cmp/u;
    %jmp/1 T_0.0, 6;
    %dup/vec4;
    %pushi/vec4 1, 0, 2;
    %cmp/u;
    %jmp/1 T_0.1, 6;
    %dup/vec4;
    %pushi/vec4 2, 0, 2;
    %cmp/u;
    %jmp/1 T_0.2, 6;
    %dup/vec4;
    %pushi/vec4 3, 0, 2;
    %cmp/u;
    %jmp/1 T_0.3, 6;
    %pushi/vec4 1, 1, 1;
    %store/vec4 v0x558d2f0aea60_0, 0, 1;
    %jmp T_0.5;
T_0.0 ;
    %load/vec4 v0x558d2f0ae730_0;
    %store/vec4 v0x558d2f0aea60_0, 0, 1;
    %jmp T_0.5;
T_0.1 ;
    %load/vec4 v0x558d2f0ae7f0_0;
    %store/vec4 v0x558d2f0aea60_0, 0, 1;
    %jmp T_0.5;
T_0.2 ;
    %load/vec4 v0x558d2f0ae890_0;
    %store/vec4 v0x558d2f0aea60_0, 0, 1;
    %jmp T_0.5;
T_0.3 ;
    %load/vec4 v0x558d2f0ae950_0;
    %store/vec4 v0x558d2f0aea60_0, 0, 1;
    %jmp T_0.5;
T_0.5 ;
    %pop/vec4 1;
    %jmp T_0;
    .thread T_0, $push;
    .scope S_0x558d2f0933f0;
T_1 ;
    %vpi_call 2 22 "$monitor", "tiempo=%0d b=%b a=%b S1=%b S0=%b out=%b", $time, v0x558d2f0af430_0, v0x558d2f0af370_0, &PV<v0x558d2f0af260_0, 1, 1>, &PV<v0x558d2f0af260_0, 0, 1>, v0x558d2f0af570_0 {0 0 0};
    %vpi_call 2 23 "$dumpfile", "cl_tb.vcd" {0 0 0};
    %vpi_call 2 24 "$dumpvars" {0 0 0};
    %pushi/vec4 0, 0, 1;
    %store/vec4 v0x558d2f0af370_0, 0, 1;
    %pushi/vec4 0, 0, 1;
    %store/vec4 v0x558d2f0af430_0, 0, 1;
    %pushi/vec4 0, 0, 1;
    %ix/load 4, 0, 0;
    %flag_set/imm 4, 0;
    %store/vec4 v0x558d2f0af260_0, 4, 1;
    %pushi/vec4 0, 0, 1;
    %ix/load 4, 1, 0;
    %flag_set/imm 4, 0;
    %store/vec4 v0x558d2f0af260_0, 4, 1;
    %delay 500, 0;
    %pushi/vec4 1, 0, 32;
    %store/vec4 v0x558d2f0af4d0_0, 0, 32;
T_1.0 ;
    %load/vec4 v0x558d2f0af4d0_0;
    %cmpi/s 16, 0, 32;
    %jmp/0xz T_1.1, 5;
    %load/vec4 v0x558d2f0af260_0;
    %parti/s 1, 0, 2;
    %inv;
    %ix/load 4, 0, 0;
    %flag_set/imm 4, 0;
    %store/vec4 v0x558d2f0af260_0, 4, 1;
    %load/vec4 v0x558d2f0af4d0_0;
    %pushi/vec4 2, 0, 32;
    %mod/s;
    %cmpi/e 0, 0, 32;
    %jmp/0xz  T_1.2, 4;
    %load/vec4 v0x558d2f0af260_0;
    %parti/s 1, 1, 2;
    %nor/r;
    %ix/load 4, 1, 0;
    %flag_set/imm 4, 0;
    %store/vec4 v0x558d2f0af260_0, 4, 1;
T_1.2 ;
    %load/vec4 v0x558d2f0af4d0_0;
    %pushi/vec4 4, 0, 32;
    %mod/s;
    %cmpi/e 0, 0, 32;
    %jmp/0xz  T_1.4, 4;
    %load/vec4 v0x558d2f0af370_0;
    %nor/r;
    %store/vec4 v0x558d2f0af370_0, 0, 1;
T_1.4 ;
    %load/vec4 v0x558d2f0af4d0_0;
    %pushi/vec4 8, 0, 32;
    %mod/s;
    %cmpi/e 0, 0, 32;
    %jmp/0xz  T_1.6, 4;
    %load/vec4 v0x558d2f0af430_0;
    %nor/r;
    %store/vec4 v0x558d2f0af430_0, 0, 1;
T_1.6 ;
    %delay 500, 0;
    %load/vec4 v0x558d2f0af4d0_0;
    %addi 1, 0, 32;
    %store/vec4 v0x558d2f0af4d0_0, 0, 32;
    %jmp T_1.0;
T_1.1 ;
    %vpi_call 2 48 "$finish" {0 0 0};
    %end;
    .thread T_1;
# The file index is used to find the file name in the following table.
:file_names 5;
    "N/A";
    "<interactive>";
    "tb_cl.v";
    "cl.v";
    "mux4_1.v";
