#! /opt/iverilog/bin/vvp
:ivl_version "11.0 (stable)" "(v11_0-132-gb2f2414f4)";
:ivl_delay_selection "TYPICAL";
:vpi_time_precision - 11;
:vpi_module "/opt/iverilog/lib/ivl/system.vpi";
:vpi_module "/opt/iverilog/lib/ivl/vhdl_sys.vpi";
:vpi_module "/opt/iverilog/lib/ivl/vhdl_textio.vpi";
:vpi_module "/opt/iverilog/lib/ivl/v2005_math.vpi";
:vpi_module "/opt/iverilog/lib/ivl/va_math.vpi";
S_0x5604b1508240 .scope module, "tb_mux4_1" "tb_mux4_1" 2 3;
 .timescale -9 -11;
v0x5604b1522890_0 .var "S", 1 0;
v0x5604b1522970_0 .var "a", 0 0;
v0x5604b1522a40_0 .var "b", 0 0;
v0x5604b1522b40_0 .var "c", 0 0;
v0x5604b1522c10_0 .var "d", 0 0;
v0x5604b1522d00_0 .var/i "i", 31 0;
v0x5604b1522da0_0 .net "out", 0 0, v0x5604b1522710_0;  1 drivers
S_0x5604b15083d0 .scope module, "mux" "mux4_1" 2 12, 3 1 0, S_0x5604b1508240;
 .timescale 0 0;
    .port_info 0 /OUTPUT 1 "out";
    .port_info 1 /INPUT 1 "a";
    .port_info 2 /INPUT 1 "b";
    .port_info 3 /INPUT 1 "c";
    .port_info 4 /INPUT 1 "d";
    .port_info 5 /INPUT 2 "S";
v0x5604b14cdce0_0 .net "S", 1 0, v0x5604b1522890_0;  1 drivers
v0x5604b15223e0_0 .net "a", 0 0, v0x5604b1522970_0;  1 drivers
v0x5604b15224a0_0 .net "b", 0 0, v0x5604b1522a40_0;  1 drivers
v0x5604b1522540_0 .net "c", 0 0, v0x5604b1522b40_0;  1 drivers
v0x5604b1522600_0 .net "d", 0 0, v0x5604b1522c10_0;  1 drivers
v0x5604b1522710_0 .var "out", 0 0;
E_0x5604b1506880/0 .event edge, v0x5604b14cdce0_0, v0x5604b1522600_0, v0x5604b1522540_0, v0x5604b15224a0_0;
E_0x5604b1506880/1 .event edge, v0x5604b15223e0_0;
E_0x5604b1506880 .event/or E_0x5604b1506880/0, E_0x5604b1506880/1;
    .scope S_0x5604b15083d0;
T_0 ;
    %wait E_0x5604b1506880;
    %load/vec4 v0x5604b14cdce0_0;
    %dup/vec4;
    %pushi/vec4 0, 0, 2;
    %cmp/u;
    %jmp/1 T_0.0, 6;
    %dup/vec4;
    %pushi/vec4 1, 0, 2;
    %cmp/u;
    %jmp/1 T_0.1, 6;
    %dup/vec4;
    %pushi/vec4 2, 0, 2;
    %cmp/u;
    %jmp/1 T_0.2, 6;
    %dup/vec4;
    %pushi/vec4 3, 0, 2;
    %cmp/u;
    %jmp/1 T_0.3, 6;
    %pushi/vec4 1, 1, 1;
    %store/vec4 v0x5604b1522710_0, 0, 1;
    %jmp T_0.5;
T_0.0 ;
    %load/vec4 v0x5604b15223e0_0;
    %store/vec4 v0x5604b1522710_0, 0, 1;
    %jmp T_0.5;
T_0.1 ;
    %load/vec4 v0x5604b15224a0_0;
    %store/vec4 v0x5604b1522710_0, 0, 1;
    %jmp T_0.5;
T_0.2 ;
    %load/vec4 v0x5604b1522540_0;
    %store/vec4 v0x5604b1522710_0, 0, 1;
    %jmp T_0.5;
T_0.3 ;
    %load/vec4 v0x5604b1522600_0;
    %store/vec4 v0x5604b1522710_0, 0, 1;
    %jmp T_0.5;
T_0.5 ;
    %pop/vec4 1;
    %jmp T_0;
    .thread T_0, $push;
    .scope S_0x5604b1508240;
T_1 ;
    %vpi_call 2 22 "$monitor", "tiempo=%0d d=%b c=%b b=%b a=%b S1=%b S0=%b out=%b", $time, v0x5604b1522c10_0, v0x5604b1522b40_0, v0x5604b1522a40_0, v0x5604b1522970_0, &PV<v0x5604b1522890_0, 1, 1>, &PV<v0x5604b1522890_0, 0, 1>, v0x5604b1522da0_0 {0 0 0};
    %vpi_call 2 23 "$dumpfile", "tb_mux4_1.vcd" {0 0 0};
    %vpi_call 2 24 "$dumpvars" {0 0 0};
    %pushi/vec4 0, 0, 1;
    %store/vec4 v0x5604b1522970_0, 0, 1;
    %pushi/vec4 0, 0, 1;
    %store/vec4 v0x5604b1522a40_0, 0, 1;
    %pushi/vec4 0, 0, 1;
    %store/vec4 v0x5604b1522b40_0, 0, 1;
    %pushi/vec4 0, 0, 1;
    %store/vec4 v0x5604b1522c10_0, 0, 1;
    %pushi/vec4 0, 0, 1;
    %ix/load 4, 0, 0;
    %flag_set/imm 4, 0;
    %store/vec4 v0x5604b1522890_0, 4, 1;
    %pushi/vec4 0, 0, 1;
    %ix/load 4, 1, 0;
    %flag_set/imm 4, 0;
    %store/vec4 v0x5604b1522890_0, 4, 1;
    %delay 500, 0;
    %pushi/vec4 1, 0, 32;
    %store/vec4 v0x5604b1522d00_0, 0, 32;
T_1.0 ;
    %load/vec4 v0x5604b1522d00_0;
    %cmpi/s 64, 0, 32;
    %jmp/0xz T_1.1, 5;
    %load/vec4 v0x5604b1522890_0;
    %parti/s 1, 0, 2;
    %inv;
    %ix/load 4, 0, 0;
    %flag_set/imm 4, 0;
    %store/vec4 v0x5604b1522890_0, 4, 1;
    %load/vec4 v0x5604b1522d00_0;
    %pushi/vec4 2, 0, 32;
    %mod/s;
    %cmpi/e 0, 0, 32;
    %jmp/0xz  T_1.2, 4;
    %load/vec4 v0x5604b1522890_0;
    %parti/s 1, 1, 2;
    %nor/r;
    %ix/load 4, 1, 0;
    %flag_set/imm 4, 0;
    %store/vec4 v0x5604b1522890_0, 4, 1;
T_1.2 ;
    %load/vec4 v0x5604b1522d00_0;
    %pushi/vec4 4, 0, 32;
    %mod/s;
    %cmpi/e 0, 0, 32;
    %jmp/0xz  T_1.4, 4;
    %load/vec4 v0x5604b1522970_0;
    %nor/r;
    %store/vec4 v0x5604b1522970_0, 0, 1;
T_1.4 ;
    %load/vec4 v0x5604b1522d00_0;
    %pushi/vec4 8, 0, 32;
    %mod/s;
    %cmpi/e 0, 0, 32;
    %jmp/0xz  T_1.6, 4;
    %load/vec4 v0x5604b1522a40_0;
    %nor/r;
    %store/vec4 v0x5604b1522a40_0, 0, 1;
T_1.6 ;
    %load/vec4 v0x5604b1522d00_0;
    %pushi/vec4 16, 0, 32;
    %mod/s;
    %cmpi/e 0, 0, 32;
    %jmp/0xz  T_1.8, 4;
    %load/vec4 v0x5604b1522b40_0;
    %nor/r;
    %store/vec4 v0x5604b1522b40_0, 0, 1;
T_1.8 ;
    %load/vec4 v0x5604b1522d00_0;
    %pushi/vec4 32, 0, 32;
    %mod/s;
    %cmpi/e 0, 0, 32;
    %jmp/0xz  T_1.10, 4;
    %load/vec4 v0x5604b1522c10_0;
    %nor/r;
    %store/vec4 v0x5604b1522c10_0, 0, 1;
T_1.10 ;
    %delay 500, 0;
    %load/vec4 v0x5604b1522d00_0;
    %addi 1, 0, 32;
    %store/vec4 v0x5604b1522d00_0, 0, 32;
    %jmp T_1.0;
T_1.1 ;
    %vpi_call 2 56 "$finish" {0 0 0};
    %end;
    .thread T_1;
# The file index is used to find the file name in the following table.
:file_names 4;
    "N/A";
    "<interactive>";
    "tb_mux4_1.v";
    "mux4_1.v";
