#! /opt/iverilog/bin/vvp
:ivl_version "11.0 (stable)" "(v11_0-132-gb2f2414f4)";
:ivl_delay_selection "TYPICAL";
:vpi_time_precision - 11;
:vpi_module "/opt/iverilog/lib/ivl/system.vpi";
:vpi_module "/opt/iverilog/lib/ivl/vhdl_sys.vpi";
:vpi_module "/opt/iverilog/lib/ivl/vhdl_textio.vpi";
:vpi_module "/opt/iverilog/lib/ivl/v2005_math.vpi";
:vpi_module "/opt/iverilog/lib/ivl/va_math.vpi";
S_0x560645074ce0 .scope module, "sum4_tb" "sum4_tb" 2 3;
 .timescale -9 -11;
v0x5606450d4990_0 .var "test_A", 3 0;
v0x5606450d4a70_0 .var "test_B", 3 0;
v0x5606450d4b40_0 .net "test_C_out", 0 0, L_0x5606450d7670;  1 drivers
v0x5606450d4c40_0 .net "test_S", 3 0, L_0x5606450d7490;  1 drivers
v0x5606450d4d10_0 .var "test_c_in", 0 0;
S_0x560645074e70 .scope module, "sum" "sum4_v2" 2 12, 3 1 0, S_0x560645074ce0;
 .timescale 0 0;
    .port_info 0 /OUTPUT 4 "S";
    .port_info 1 /OUTPUT 1 "c_out";
    .port_info 2 /INPUT 4 "A";
    .port_info 3 /INPUT 4 "B";
    .port_info 4 /INPUT 1 "c_in";
v0x560645075050_0 .net "A", 3 0, v0x5606450d4990_0;  1 drivers
v0x5606450d16a0_0 .net "B", 3 0, v0x5606450d4a70_0;  1 drivers
v0x5606450d1780_0 .net "S", 3 0, L_0x5606450d7490;  alias, 1 drivers
v0x5606450d1870_0 .net *"_ivl_0", 0 0, L_0x5606450d4db0;  1 drivers
v0x5606450d1950_0 .net *"_ivl_100", 1 0, L_0x5606450d7e80;  1 drivers
L_0x7f149f6592e8 .functor BUFT 1, C4<0>, C4<0>, C4<0>, C4<0>;
v0x5606450d1a80_0 .net *"_ivl_103", 0 0, L_0x7f149f6592e8;  1 drivers
v0x5606450d1b60_0 .net *"_ivl_104", 1 0, L_0x5606450d7fc0;  1 drivers
v0x5606450d1c40_0 .net *"_ivl_107", 0 0, L_0x5606450d8240;  1 drivers
v0x5606450d1d20_0 .net *"_ivl_108", 1 0, L_0x5606450d8370;  1 drivers
L_0x7f149f659330 .functor BUFT 1, C4<0>, C4<0>, C4<0>, C4<0>;
v0x5606450d1e00_0 .net *"_ivl_111", 0 0, L_0x7f149f659330;  1 drivers
v0x5606450d1ee0_0 .net *"_ivl_112", 1 0, L_0x5606450d85b0;  1 drivers
L_0x7f149f659018 .functor BUFT 1, C4<0>, C4<0>, C4<0>, C4<0>;
v0x5606450d1fc0_0 .net *"_ivl_12", 0 0, L_0x7f149f659018;  1 drivers
v0x5606450d20a0_0 .net *"_ivl_14", 0 0, L_0x5606450d5230;  1 drivers
v0x5606450d2180_0 .net *"_ivl_15", 1 0, L_0x5606450d5320;  1 drivers
L_0x7f149f659060 .functor BUFT 1, C4<0>, C4<0>, C4<0>, C4<0>;
v0x5606450d2260_0 .net *"_ivl_18", 0 0, L_0x7f149f659060;  1 drivers
v0x5606450d2340_0 .net *"_ivl_19", 1 0, L_0x5606450d54a0;  1 drivers
v0x5606450d2420_0 .net *"_ivl_2", 0 0, L_0x5606450d4eb0;  1 drivers
v0x5606450d2500_0 .net *"_ivl_21", 1 0, L_0x5606450d5650;  1 drivers
L_0x7f149f6590a8 .functor BUFT 1, C4<0>, C4<0>, C4<0>, C4<0>;
v0x5606450d25e0_0 .net *"_ivl_24", 0 0, L_0x7f149f6590a8;  1 drivers
v0x5606450d26c0_0 .net *"_ivl_25", 1 0, L_0x5606450d57e0;  1 drivers
v0x5606450d27a0_0 .net *"_ivl_27", 0 0, L_0x5606450d5920;  1 drivers
v0x5606450d2880_0 .net *"_ivl_29", 0 0, L_0x5606450d5a20;  1 drivers
v0x5606450d2960_0 .net *"_ivl_35", 0 0, L_0x5606450d5ac0;  1 drivers
v0x5606450d2a40_0 .net *"_ivl_36", 1 0, L_0x5606450d5bd0;  1 drivers
L_0x7f149f6590f0 .functor BUFT 1, C4<0>, C4<0>, C4<0>, C4<0>;
v0x5606450d2b20_0 .net *"_ivl_39", 0 0, L_0x7f149f6590f0;  1 drivers
v0x5606450d2c00_0 .net *"_ivl_41", 0 0, L_0x5606450d5d10;  1 drivers
v0x5606450d2ce0_0 .net *"_ivl_42", 1 0, L_0x5606450d5e30;  1 drivers
L_0x7f149f659138 .functor BUFT 1, C4<0>, C4<0>, C4<0>, C4<0>;
v0x5606450d2dc0_0 .net *"_ivl_45", 0 0, L_0x7f149f659138;  1 drivers
v0x5606450d2ea0_0 .net *"_ivl_46", 1 0, L_0x5606450d5ff0;  1 drivers
v0x5606450d2f80_0 .net *"_ivl_49", 0 0, L_0x5606450d61c0;  1 drivers
v0x5606450d3060_0 .net *"_ivl_50", 1 0, L_0x5606450d6260;  1 drivers
L_0x7f149f659180 .functor BUFT 1, C4<0>, C4<0>, C4<0>, C4<0>;
v0x5606450d3140_0 .net *"_ivl_53", 0 0, L_0x7f149f659180;  1 drivers
v0x5606450d3220_0 .net *"_ivl_54", 1 0, L_0x5606450d6440;  1 drivers
v0x5606450d3510_0 .net *"_ivl_56", 0 0, L_0x5606450d6350;  1 drivers
v0x5606450d35f0_0 .net *"_ivl_59", 0 0, L_0x5606450d6810;  1 drivers
v0x5606450d36d0_0 .net *"_ivl_65", 0 0, L_0x5606450d69c0;  1 drivers
v0x5606450d37b0_0 .net *"_ivl_66", 1 0, L_0x5606450d6a60;  1 drivers
L_0x7f149f6591c8 .functor BUFT 1, C4<0>, C4<0>, C4<0>, C4<0>;
v0x5606450d3890_0 .net *"_ivl_69", 0 0, L_0x7f149f6591c8;  1 drivers
v0x5606450d3970_0 .net *"_ivl_71", 0 0, L_0x5606450d6c20;  1 drivers
v0x5606450d3a50_0 .net *"_ivl_72", 1 0, L_0x5606450d6cc0;  1 drivers
L_0x7f149f659210 .functor BUFT 1, C4<0>, C4<0>, C4<0>, C4<0>;
v0x5606450d3b30_0 .net *"_ivl_75", 0 0, L_0x7f149f659210;  1 drivers
v0x5606450d3c10_0 .net *"_ivl_76", 1 0, L_0x5606450d6e90;  1 drivers
v0x5606450d3cf0_0 .net *"_ivl_79", 0 0, L_0x5606450d6fd0;  1 drivers
v0x5606450d3dd0_0 .net *"_ivl_8", 0 0, L_0x5606450d4fd0;  1 drivers
v0x5606450d3eb0_0 .net *"_ivl_80", 1 0, L_0x5606450d7160;  1 drivers
L_0x7f149f659258 .functor BUFT 1, C4<0>, C4<0>, C4<0>, C4<0>;
v0x5606450d3f90_0 .net *"_ivl_83", 0 0, L_0x7f149f659258;  1 drivers
v0x5606450d4070_0 .net *"_ivl_84", 1 0, L_0x5606450d72a0;  1 drivers
v0x5606450d4150_0 .net *"_ivl_86", 0 0, L_0x5606450d7870;  1 drivers
v0x5606450d4230_0 .net *"_ivl_9", 1 0, L_0x5606450d50c0;  1 drivers
v0x5606450d4310_0 .net *"_ivl_93", 0 0, L_0x5606450d79b0;  1 drivers
v0x5606450d43f0_0 .net *"_ivl_94", 1 0, L_0x5606450d7b70;  1 drivers
L_0x7f149f6592a0 .functor BUFT 1, C4<0>, C4<0>, C4<0>, C4<0>;
v0x5606450d44d0_0 .net *"_ivl_97", 0 0, L_0x7f149f6592a0;  1 drivers
v0x5606450d45b0_0 .net *"_ivl_99", 0 0, L_0x5606450d7cb0;  1 drivers
v0x5606450d4690_0 .net "c", 2 0, L_0x5606450d6580;  1 drivers
v0x5606450d4770_0 .net "c_in", 0 0, v0x5606450d4d10_0;  1 drivers
v0x5606450d4830_0 .net "c_out", 0 0, L_0x5606450d7670;  alias, 1 drivers
L_0x5606450d4db0 .part L_0x5606450d57e0, 1, 1;
L_0x5606450d4eb0 .part L_0x5606450d57e0, 0, 1;
L_0x5606450d4fd0 .part v0x5606450d4990_0, 0, 1;
L_0x5606450d50c0 .concat [ 1 1 0 0], L_0x5606450d4fd0, L_0x7f149f659018;
L_0x5606450d5230 .part v0x5606450d4a70_0, 0, 1;
L_0x5606450d5320 .concat [ 1 1 0 0], L_0x5606450d5230, L_0x7f149f659060;
L_0x5606450d54a0 .arith/sum 2, L_0x5606450d50c0, L_0x5606450d5320;
L_0x5606450d5650 .concat [ 1 1 0 0], v0x5606450d4d10_0, L_0x7f149f6590a8;
L_0x5606450d57e0 .arith/sum 2, L_0x5606450d54a0, L_0x5606450d5650;
L_0x5606450d5920 .part L_0x5606450d6440, 1, 1;
L_0x5606450d5a20 .part L_0x5606450d6440, 0, 1;
L_0x5606450d5ac0 .part v0x5606450d4990_0, 1, 1;
L_0x5606450d5bd0 .concat [ 1 1 0 0], L_0x5606450d5ac0, L_0x7f149f6590f0;
L_0x5606450d5d10 .part v0x5606450d4a70_0, 1, 1;
L_0x5606450d5e30 .concat [ 1 1 0 0], L_0x5606450d5d10, L_0x7f149f659138;
L_0x5606450d5ff0 .arith/sum 2, L_0x5606450d5bd0, L_0x5606450d5e30;
L_0x5606450d61c0 .part L_0x5606450d6580, 0, 1;
L_0x5606450d6260 .concat [ 1 1 0 0], L_0x5606450d61c0, L_0x7f149f659180;
L_0x5606450d6440 .arith/sum 2, L_0x5606450d5ff0, L_0x5606450d6260;
L_0x5606450d6580 .concat8 [ 1 1 1 0], L_0x5606450d4db0, L_0x5606450d5920, L_0x5606450d6350;
L_0x5606450d6350 .part L_0x5606450d72a0, 1, 1;
L_0x5606450d6810 .part L_0x5606450d72a0, 0, 1;
L_0x5606450d69c0 .part v0x5606450d4990_0, 2, 1;
L_0x5606450d6a60 .concat [ 1 1 0 0], L_0x5606450d69c0, L_0x7f149f6591c8;
L_0x5606450d6c20 .part v0x5606450d4a70_0, 2, 1;
L_0x5606450d6cc0 .concat [ 1 1 0 0], L_0x5606450d6c20, L_0x7f149f659210;
L_0x5606450d6e90 .arith/sum 2, L_0x5606450d6a60, L_0x5606450d6cc0;
L_0x5606450d6fd0 .part L_0x5606450d6580, 1, 1;
L_0x5606450d7160 .concat [ 1 1 0 0], L_0x5606450d6fd0, L_0x7f149f659258;
L_0x5606450d72a0 .arith/sum 2, L_0x5606450d6e90, L_0x5606450d7160;
L_0x5606450d7490 .concat8 [ 1 1 1 1], L_0x5606450d4eb0, L_0x5606450d5a20, L_0x5606450d6810, L_0x5606450d7870;
L_0x5606450d7670 .part L_0x5606450d85b0, 1, 1;
L_0x5606450d7870 .part L_0x5606450d85b0, 0, 1;
L_0x5606450d79b0 .part v0x5606450d4990_0, 3, 1;
L_0x5606450d7b70 .concat [ 1 1 0 0], L_0x5606450d79b0, L_0x7f149f6592a0;
L_0x5606450d7cb0 .part v0x5606450d4a70_0, 3, 1;
L_0x5606450d7e80 .concat [ 1 1 0 0], L_0x5606450d7cb0, L_0x7f149f6592e8;
L_0x5606450d7fc0 .arith/sum 2, L_0x5606450d7b70, L_0x5606450d7e80;
L_0x5606450d8240 .part L_0x5606450d6580, 2, 1;
L_0x5606450d8370 .concat [ 1 1 0 0], L_0x5606450d8240, L_0x7f149f659330;
L_0x5606450d85b0 .arith/sum 2, L_0x5606450d7fc0, L_0x5606450d8370;
    .scope S_0x560645074ce0;
T_0 ;
    %vpi_call 2 16 "$monitor", "tiempo=%0d A=%b B=%b cin=%b S=%b cout=%b", $time, v0x5606450d4990_0, v0x5606450d4a70_0, v0x5606450d4d10_0, v0x5606450d4c40_0, v0x5606450d4b40_0 {0 0 0};
    %vpi_call 2 17 "$dumpfile", "sum4_tb.vcd" {0 0 0};
    %vpi_call 2 18 "$dumpvars" {0 0 0};
    %pushi/vec4 1, 0, 1;
    %store/vec4 v0x5606450d4d10_0, 0, 1;
    %pushi/vec4 0, 0, 4;
    %store/vec4 v0x5606450d4990_0, 0, 4;
    %pushi/vec4 0, 0, 4;
    %store/vec4 v0x5606450d4a70_0, 0, 4;
    %delay 2000, 0;
    %pushi/vec4 0, 0, 1;
    %store/vec4 v0x5606450d4d10_0, 0, 1;
    %pushi/vec4 15, 0, 4;
    %store/vec4 v0x5606450d4990_0, 0, 4;
    %pushi/vec4 1, 0, 4;
    %store/vec4 v0x5606450d4a70_0, 0, 4;
    %delay 2000, 0;
    %pushi/vec4 1, 0, 1;
    %store/vec4 v0x5606450d4d10_0, 0, 1;
    %pushi/vec4 15, 0, 4;
    %store/vec4 v0x5606450d4990_0, 0, 4;
    %pushi/vec4 15, 0, 4;
    %store/vec4 v0x5606450d4a70_0, 0, 4;
    %delay 2000, 0;
    %pushi/vec4 1, 0, 1;
    %store/vec4 v0x5606450d4d10_0, 0, 1;
    %pushi/vec4 0, 0, 4;
    %store/vec4 v0x5606450d4990_0, 0, 4;
    %pushi/vec4 15, 0, 4;
    %store/vec4 v0x5606450d4a70_0, 0, 4;
    %delay 2000, 0;
    %pushi/vec4 0, 0, 1;
    %store/vec4 v0x5606450d4d10_0, 0, 1;
    %pushi/vec4 5, 0, 4;
    %store/vec4 v0x5606450d4990_0, 0, 4;
    %pushi/vec4 10, 0, 4;
    %store/vec4 v0x5606450d4a70_0, 0, 4;
    %delay 2000, 0;
    %vpi_call 2 46 "$finish" {0 0 0};
    %end;
    .thread T_0;
# The file index is used to find the file name in the following table.
:file_names 4;
    "N/A";
    "<interactive>";
    "tb_sum4.v";
    "sum4_v2.v";
