#! /opt/iverilog/bin/vvp
:ivl_version "11.0 (stable)" "(v11_0-132-gb2f2414f4)";
:ivl_delay_selection "TYPICAL";
:vpi_time_precision - 11;
:vpi_module "/opt/iverilog/lib/ivl/system.vpi";
:vpi_module "/opt/iverilog/lib/ivl/vhdl_sys.vpi";
:vpi_module "/opt/iverilog/lib/ivl/vhdl_textio.vpi";
:vpi_module "/opt/iverilog/lib/ivl/v2005_math.vpi";
:vpi_module "/opt/iverilog/lib/ivl/va_math.vpi";
S_0x55fa8f8ad1b0 .scope module, "compl1_tb" "compl1_tb" 2 3;
 .timescale -9 -11;
v0x55fa8f8c73f0_0 .var "Inp", 3 0;
v0x55fa8f8c74b0_0 .net "Out", 3 0, L_0x55fa8f8c80e0;  1 drivers
v0x55fa8f8c7550_0 .var "cpl", 0 0;
v0x55fa8f8c7650_0 .var/i "i", 31 0;
S_0x55fa8f8ad340 .scope module, "cpl1" "compl1" 2 12, 3 1 0, S_0x55fa8f8ad1b0;
 .timescale 0 0;
    .port_info 0 /OUTPUT 4 "Out";
    .port_info 1 /INPUT 4 "Inp";
    .port_info 2 /INPUT 1 "cpl";
L_0x55fa8f8c76f0 .functor NOT 1, L_0x55fa8f8c77c0, C4<0>, C4<0>, C4<0>;
L_0x55fa8f8c78b0 .functor NOT 1, L_0x55fa8f8c7940, C4<0>, C4<0>, C4<0>;
L_0x55fa8f8c7a30 .functor NOT 1, L_0x55fa8f8c7ad0, C4<0>, C4<0>, C4<0>;
L_0x55fa8f8c7df0 .functor NOT 1, L_0x55fa8f8c7ee0, C4<0>, C4<0>, C4<0>;
L_0x7fb0581a5018 .functor BUFT 1, C4<0>, C4<0>, C4<0>, C4<0>;
L_0x55fa8f8c7fd0 .functor XNOR 1, v0x55fa8f8c7550_0, L_0x7fb0581a5018, C4<0>, C4<0>;
v0x55fa8f8ad570_0 .net "Inp", 3 0, v0x55fa8f8c73f0_0;  1 drivers
v0x55fa8f8c6820_0 .net "Out", 3 0, L_0x55fa8f8c80e0;  alias, 1 drivers
v0x55fa8f8c6900_0 .net *"_ivl_0", 0 0, L_0x55fa8f8c76f0;  1 drivers
v0x55fa8f8c69c0_0 .net *"_ivl_11", 0 0, L_0x55fa8f8c7ad0;  1 drivers
v0x55fa8f8c6aa0_0 .net *"_ivl_12", 0 0, L_0x55fa8f8c7df0;  1 drivers
v0x55fa8f8c6bd0_0 .net *"_ivl_16", 0 0, L_0x55fa8f8c7ee0;  1 drivers
v0x55fa8f8c6cb0_0 .net/2u *"_ivl_17", 0 0, L_0x7fb0581a5018;  1 drivers
v0x55fa8f8c6d90_0 .net *"_ivl_19", 0 0, L_0x55fa8f8c7fd0;  1 drivers
v0x55fa8f8c6e50_0 .net *"_ivl_3", 0 0, L_0x55fa8f8c77c0;  1 drivers
v0x55fa8f8c6f30_0 .net *"_ivl_4", 0 0, L_0x55fa8f8c78b0;  1 drivers
v0x55fa8f8c7010_0 .net *"_ivl_7", 0 0, L_0x55fa8f8c7940;  1 drivers
v0x55fa8f8c70f0_0 .net *"_ivl_8", 0 0, L_0x55fa8f8c7a30;  1 drivers
v0x55fa8f8c71d0_0 .net "cpl", 0 0, v0x55fa8f8c7550_0;  1 drivers
v0x55fa8f8c7290_0 .net "oscuro", 3 0, L_0x55fa8f8c7c50;  1 drivers
L_0x55fa8f8c77c0 .part v0x55fa8f8c73f0_0, 0, 1;
L_0x55fa8f8c7940 .part v0x55fa8f8c73f0_0, 1, 1;
L_0x55fa8f8c7ad0 .part v0x55fa8f8c73f0_0, 2, 1;
L_0x55fa8f8c7c50 .concat8 [ 1 1 1 1], L_0x55fa8f8c76f0, L_0x55fa8f8c78b0, L_0x55fa8f8c7a30, L_0x55fa8f8c7df0;
L_0x55fa8f8c7ee0 .part v0x55fa8f8c73f0_0, 3, 1;
L_0x55fa8f8c80e0 .functor MUXZ 4, L_0x55fa8f8c7c50, v0x55fa8f8c73f0_0, L_0x55fa8f8c7fd0, C4<>;
    .scope S_0x55fa8f8ad1b0;
T_0 ;
    %vpi_call 2 22 "$monitor", "tiempo=%0d Inp=%b cpl=%b Out=%b", $time, v0x55fa8f8c73f0_0, v0x55fa8f8c7550_0, v0x55fa8f8c74b0_0 {0 0 0};
    %vpi_call 2 23 "$dumpfile", "compl1_tb.vcd" {0 0 0};
    %vpi_call 2 24 "$dumpvars" {0 0 0};
    %pushi/vec4 0, 0, 4;
    %store/vec4 v0x55fa8f8c73f0_0, 0, 4;
    %pushi/vec4 0, 0, 1;
    %store/vec4 v0x55fa8f8c7550_0, 0, 1;
    %delay 500, 0;
    %pushi/vec4 1, 0, 32;
    %store/vec4 v0x55fa8f8c7650_0, 0, 32;
T_0.0 ;
    %load/vec4 v0x55fa8f8c7650_0;
    %cmpi/s 32, 0, 32;
    %jmp/0xz T_0.1, 5;
    %load/vec4 v0x55fa8f8c7550_0;
    %nor/r;
    %store/vec4 v0x55fa8f8c7550_0, 0, 1;
    %load/vec4 v0x55fa8f8c7650_0;
    %pushi/vec4 2, 0, 32;
    %mod/s;
    %cmpi/e 0, 0, 32;
    %jmp/0xz  T_0.2, 4;
    %load/vec4 v0x55fa8f8c73f0_0;
    %parti/s 1, 0, 2;
    %nor/r;
    %ix/load 4, 0, 0;
    %flag_set/imm 4, 0;
    %store/vec4 v0x55fa8f8c73f0_0, 4, 1;
T_0.2 ;
    %load/vec4 v0x55fa8f8c7650_0;
    %pushi/vec4 4, 0, 32;
    %mod/s;
    %cmpi/e 0, 0, 32;
    %jmp/0xz  T_0.4, 4;
    %load/vec4 v0x55fa8f8c73f0_0;
    %parti/s 1, 1, 2;
    %nor/r;
    %ix/load 4, 1, 0;
    %flag_set/imm 4, 0;
    %store/vec4 v0x55fa8f8c73f0_0, 4, 1;
T_0.4 ;
    %load/vec4 v0x55fa8f8c7650_0;
    %pushi/vec4 8, 0, 32;
    %mod/s;
    %cmpi/e 0, 0, 32;
    %jmp/0xz  T_0.6, 4;
    %load/vec4 v0x55fa8f8c73f0_0;
    %parti/s 1, 2, 3;
    %nor/r;
    %ix/load 4, 2, 0;
    %flag_set/imm 4, 0;
    %store/vec4 v0x55fa8f8c73f0_0, 4, 1;
T_0.6 ;
    %load/vec4 v0x55fa8f8c7650_0;
    %pushi/vec4 16, 0, 32;
    %mod/s;
    %cmpi/e 0, 0, 32;
    %jmp/0xz  T_0.8, 4;
    %load/vec4 v0x55fa8f8c73f0_0;
    %parti/s 1, 3, 3;
    %nor/r;
    %ix/load 4, 3, 0;
    %flag_set/imm 4, 0;
    %store/vec4 v0x55fa8f8c73f0_0, 4, 1;
T_0.8 ;
    %delay 500, 0;
    %load/vec4 v0x55fa8f8c7650_0;
    %addi 1, 0, 32;
    %store/vec4 v0x55fa8f8c7650_0, 0, 32;
    %jmp T_0.0;
T_0.1 ;
    %vpi_call 2 49 "$finish" {0 0 0};
    %end;
    .thread T_0;
# The file index is used to find the file name in the following table.
:file_names 4;
    "N/A";
    "<interactive>";
    "tb_compl1.v";
    "compl1.v";
