#! /opt/iverilog/bin/vvp
:ivl_version "11.0 (stable)" "(v11_0-132-gb2f2414f4)";
:ivl_delay_selection "TYPICAL";
:vpi_time_precision - 11;
:vpi_module "/opt/iverilog/lib/ivl/system.vpi";
:vpi_module "/opt/iverilog/lib/ivl/vhdl_sys.vpi";
:vpi_module "/opt/iverilog/lib/ivl/vhdl_textio.vpi";
:vpi_module "/opt/iverilog/lib/ivl/v2005_math.vpi";
:vpi_module "/opt/iverilog/lib/ivl/va_math.vpi";
S_0x55b21abc95e0 .scope module, "mux2_4_tb" "mux2_4_tb" 2 3;
 .timescale -9 -11;
v0x55b21abe2e70_0 .var "A", 3 0;
v0x55b21abe2f50_0 .var "B", 3 0;
v0x55b21abe2ff0_0 .net "Out", 3 0, L_0x55b21abe3650;  1 drivers
v0x55b21abe30f0_0 .var/i "i", 31 0;
v0x55b21abe3190_0 .var "s", 0 0;
S_0x55b21abc9770 .scope module, "mux" "mux2_4" 2 12, 3 1 0, S_0x55b21abc95e0;
 .timescale 0 0;
    .port_info 0 /OUTPUT 4 "Out";
    .port_info 1 /INPUT 4 "A";
    .port_info 2 /INPUT 4 "B";
    .port_info 3 /INPUT 1 "s";
L_0x7f54e83a5018 .functor BUFT 1, C4<0>, C4<0>, C4<0>, C4<0>;
L_0x55b21abe3260 .functor XNOR 1, v0x55b21abe3190_0, L_0x7f54e83a5018, C4<0>, C4<0>;
L_0x7f54e83a5060 .functor BUFT 1, C4<1>, C4<0>, C4<0>, C4<0>;
L_0x55b21abe33a0 .functor XNOR 1, v0x55b21abe3190_0, L_0x7f54e83a5060, C4<0>, C4<0>;
v0x55b21abc99c0_0 .net "A", 3 0, v0x55b21abe2e70_0;  1 drivers
v0x55b21abe2640_0 .net "B", 3 0, v0x55b21abe2f50_0;  1 drivers
v0x55b21abe2720_0 .net "Out", 3 0, L_0x55b21abe3650;  alias, 1 drivers
v0x55b21abe27e0_0 .net/2u *"_ivl_0", 0 0, L_0x7f54e83a5018;  1 drivers
v0x55b21abe28c0_0 .net *"_ivl_10", 3 0, L_0x55b21abe3490;  1 drivers
v0x55b21abe29f0_0 .net *"_ivl_2", 0 0, L_0x55b21abe3260;  1 drivers
v0x55b21abe2ab0_0 .net/2u *"_ivl_4", 0 0, L_0x7f54e83a5060;  1 drivers
v0x55b21abe2b90_0 .net *"_ivl_6", 0 0, L_0x55b21abe33a0;  1 drivers
L_0x7f54e83a50a8 .functor BUFT 1, C4<xxxx>, C4<0>, C4<0>, C4<0>;
v0x55b21abe2c50_0 .net *"_ivl_8", 3 0, L_0x7f54e83a50a8;  1 drivers
v0x55b21abe2d30_0 .net "s", 0 0, v0x55b21abe3190_0;  1 drivers
L_0x55b21abe3490 .functor MUXZ 4, L_0x7f54e83a50a8, v0x55b21abe2f50_0, L_0x55b21abe33a0, C4<>;
L_0x55b21abe3650 .functor MUXZ 4, L_0x55b21abe3490, v0x55b21abe2e70_0, L_0x55b21abe3260, C4<>;
    .scope S_0x55b21abc95e0;
T_0 ;
    %vpi_call 2 22 "$monitor", "tiempo=%0d B=%b A=%b s=%b Out=%b", $time, v0x55b21abe2f50_0, v0x55b21abe2e70_0, v0x55b21abe3190_0, v0x55b21abe2ff0_0 {0 0 0};
    %vpi_call 2 23 "$dumpfile", "mux2_4_tb.vcd" {0 0 0};
    %vpi_call 2 24 "$dumpvars" {0 0 0};
    %pushi/vec4 0, 0, 4;
    %store/vec4 v0x55b21abe2e70_0, 0, 4;
    %pushi/vec4 0, 0, 4;
    %store/vec4 v0x55b21abe2f50_0, 0, 4;
    %pushi/vec4 0, 0, 1;
    %store/vec4 v0x55b21abe3190_0, 0, 1;
    %delay 500, 0;
    %pushi/vec4 1, 0, 32;
    %store/vec4 v0x55b21abe30f0_0, 0, 32;
T_0.0 ;
    %load/vec4 v0x55b21abe30f0_0;
    %cmpi/s 32, 0, 32;
    %jmp/0xz T_0.1, 5;
    %load/vec4 v0x55b21abe3190_0;
    %inv;
    %store/vec4 v0x55b21abe3190_0, 0, 1;
    %load/vec4 v0x55b21abe30f0_0;
    %pushi/vec4 2, 0, 32;
    %mod/s;
    %cmpi/e 0, 0, 32;
    %jmp/0xz  T_0.2, 4;
    %load/vec4 v0x55b21abe2e70_0;
    %parti/s 1, 0, 2;
    %inv;
    %ix/load 4, 0, 0;
    %flag_set/imm 4, 0;
    %store/vec4 v0x55b21abe2e70_0, 4, 1;
T_0.2 ;
    %load/vec4 v0x55b21abe30f0_0;
    %pushi/vec4 4, 0, 32;
    %mod/s;
    %cmpi/e 0, 0, 32;
    %jmp/0xz  T_0.4, 4;
    %load/vec4 v0x55b21abe2f50_0;
    %parti/s 1, 0, 2;
    %inv;
    %ix/load 4, 0, 0;
    %flag_set/imm 4, 0;
    %store/vec4 v0x55b21abe2f50_0, 4, 1;
T_0.4 ;
    %load/vec4 v0x55b21abe30f0_0;
    %pushi/vec4 8, 0, 32;
    %mod/s;
    %cmpi/e 0, 0, 32;
    %jmp/0xz  T_0.6, 4;
    %load/vec4 v0x55b21abe2e70_0;
    %parti/s 1, 1, 2;
    %inv;
    %ix/load 4, 1, 0;
    %flag_set/imm 4, 0;
    %store/vec4 v0x55b21abe2e70_0, 4, 1;
T_0.6 ;
    %load/vec4 v0x55b21abe30f0_0;
    %pushi/vec4 16, 0, 32;
    %mod/s;
    %cmpi/e 0, 0, 32;
    %jmp/0xz  T_0.8, 4;
    %load/vec4 v0x55b21abe2f50_0;
    %parti/s 1, 1, 2;
    %inv;
    %ix/load 4, 1, 0;
    %flag_set/imm 4, 0;
    %store/vec4 v0x55b21abe2f50_0, 4, 1;
T_0.8 ;
    %delay 500, 0;
    %load/vec4 v0x55b21abe30f0_0;
    %addi 1, 0, 32;
    %store/vec4 v0x55b21abe30f0_0, 0, 32;
    %jmp T_0.0;
T_0.1 ;
    %vpi_call 2 50 "$finish" {0 0 0};
    %end;
    .thread T_0;
# The file index is used to find the file name in the following table.
:file_names 4;
    "N/A";
    "<interactive>";
    "tb_mux2_4.v";
    "mux2_4.v";
